<?xml version="1.0" encoding="UTF-8"?>
<testsuite xmlns:xsi="http://www.w3.org/2001/XMLSchema-instance" xsi:noNamespaceSchemaLocation="https://maven.apache.org/surefire/maven-surefire-plugin/xsd/surefire-test-report-3.0.xsd" version="3.0" name="com.example.quotes.QuotesApplicationTests" time="0.608" tests="1" errors="1" skipped="0" failures="0">
  <properties>
    <property name="java.specification.version" value="21"/>
    <property name="sun.jnu.encoding" value="UTF-8"/>
    <property name="java.class.path" value="/usr/local/google/home/daniellan/quotes-workshop/target/test-classes:/usr/local/google/home/daniellan/quotes-workshop/target/classes:/usr/local/google/home/daniellan/.m2/repository/org/springframework/boot/spring-boot-starter-web/3.2.5/spring-boot-starter-web-3.2.5.jar:/usr/local/google/home/daniellan/.m2/repository/org/springframework/boot/spring-boot-starter/3.2.5/spring-boot-starter-3.2.5.jar:/usr/local/google/home/daniellan/.m2/repository/org/springframework/boot/spring-boot/3.2.5/spring-boot-3.2.5.jar:/usr/local/google/home/daniellan/.m2/repository/org/springframework/boot/spring-boot-starter-logging/3.2.5/spring-boot-starter-logging-3.2.5.jar:/usr/local/google/home/daniellan/.m2/repository/ch/qos/logback/logback-classic/1.4.14/logback-classic-1.4.14.jar:/usr/local/google/home/daniellan/.m2/repository/ch/qos/logback/logback-core/1.4.14/logback-core-1.4.14.jar:/usr/local/google/home/daniellan/.m2/repository/org/apache/logging/log4j/log4j-to-slf4j/2.21.1/log4j-to-slf4j-2.21.1.jar:/usr/local/google/home/daniellan/.m2/repository/org/apache/logging/log4j/log4j-api/2.21.1/log4j-api-2.21.1.jar:/usr/local/google/home/daniellan/.m2/repository/org/slf4j/jul-to-slf4j/2.0.13/jul-to-slf4j-2.0.13.jar:/usr/local/google/home/daniellan/.m2/repository/jakarta/annotation/jakarta.annotation-api/2.1.1/jakarta.annotation-api-2.1.1.jar:/usr/local/google/home/daniellan/.m2/repository/org/yaml/snakeyaml/2.2/snakeyaml-2.2.jar:/usr/local/google/home/daniellan/.m2/repository/org/springframework/boot/spring-boot-starter-json/3.2.5/spring-boot-starter-json-3.2.5.jar:/usr/local/google/home/daniellan/.m2/repository/com/fasterxml/jackson/core/jackson-databind/2.15.4/jackson-databind-2.15.4.jar:/usr/local/google/home/daniellan/.m2/repository/com/fasterxml/jackson/core/jackson-annotations/2.15.4/jackson-annotations-2.15.4.jar:/usr/local/google/home/daniellan/.m2/repository/com/fasterxml/jackson/datatype/jackson-datatype-jdk8/2.15.4/jackson-datatype-jdk8-2.15.4.jar:/usr/local/google/home/daniellan/.m2/repository/com/fasterxml/jackson/datatype/jackson-datatype-jsr310/2.15.4/jackson-datatype-jsr310-2.15.4.jar:/usr/local/google/home/daniellan/.m2/repository/com/fasterxml/jackson/module/jackson-module-parameter-names/2.15.4/jackson-module-parameter-names-2.15.4.jar:/usr/local/google/home/daniellan/.m2/repository/org/springframework/boot/spring-boot-starter-tomcat/3.2.5/spring-boot-starter-tomcat-3.2.5.jar:/usr/local/google/home/daniellan/.m2/repository/org/apache/tomcat/embed/tomcat-embed-core/10.1.20/tomcat-embed-core-10.1.20.jar:/usr/local/google/home/daniellan/.m2/repository/org/apache/tomcat/embed/tomcat-embed-el/10.1.20/tomcat-embed-el-10.1.20.jar:/usr/local/google/home/daniellan/.m2/repository/org/apache/tomcat/embed/tomcat-embed-websocket/10.1.20/tomcat-embed-websocket-10.1.20.jar:/usr/local/google/home/daniellan/.m2/repository/org/springframework/spring-web/6.1.6/spring-web-6.1.6.jar:/usr/local/google/home/daniellan/.m2/repository/org/springframework/spring-beans/6.1.6/spring-beans-6.1.6.jar:/usr/local/google/home/daniellan/.m2/repository/org/springframework/spring-webmvc/6.1.6/spring-webmvc-6.1.6.jar:/usr/local/google/home/daniellan/.m2/repository/org/springframework/spring-aop/6.1.6/spring-aop-6.1.6.jar:/usr/local/google/home/daniellan/.m2/repository/org/springframework/spring-context/6.1.6/spring-context-6.1.6.jar:/usr/local/google/home/daniellan/.m2/repository/org/springframework/spring-expression/6.1.6/spring-expression-6.1.6.jar:/usr/local/google/home/daniellan/.m2/repository/org/springframework/ai/spring-ai-vertex-ai-gemini-spring-boot-starter/1.0.0-SNAPSHOT/spring-ai-vertex-ai-gemini-spring-boot-starter-1.0.0-SNAPSHOT.jar:/usr/local/google/home/daniellan/.m2/repository/org/springframework/ai/spring-ai-spring-boot-autoconfigure/1.0.0-SNAPSHOT/spring-ai-spring-boot-autoconfigure-1.0.0-SNAPSHOT.jar:/usr/local/google/home/daniellan/.m2/repository/io/netty/netty-codec-http2/4.1.109.Final/netty-codec-http2-4.1.109.Final.jar:/usr/local/google/home/daniellan/.m2/repository/io/netty/netty-common/4.1.109.Final/netty-common-4.1.109.Final.jar:/usr/local/google/home/daniellan/.m2/repository/io/netty/netty-buffer/4.1.109.Final/netty-buffer-4.1.109.Final.jar:/usr/local/google/home/daniellan/.m2/repository/io/netty/netty-transport/4.1.109.Final/netty-transport-4.1.109.Final.jar:/usr/local/google/home/daniellan/.m2/repository/io/netty/netty-resolver/4.1.109.Final/netty-resolver-4.1.109.Final.jar:/usr/local/google/home/daniellan/.m2/repository/io/netty/netty-codec/4.1.109.Final/netty-codec-4.1.109.Final.jar:/usr/local/google/home/daniellan/.m2/repository/io/netty/netty-handler/4.1.109.Final/netty-handler-4.1.109.Final.jar:/usr/local/google/home/daniellan/.m2/repository/io/netty/netty-transport-native-unix-common/4.1.109.Final/netty-transport-native-unix-common-4.1.109.Final.jar:/usr/local/google/home/daniellan/.m2/repository/io/netty/netty-codec-http/4.1.109.Final/netty-codec-http-4.1.109.Final.jar:/usr/local/google/home/daniellan/.m2/repository/redis/clients/jedis/5.0.2/jedis-5.0.2.jar:/usr/local/google/home/daniellan/.m2/repository/org/apache/commons/commons-pool2/2.12.0/commons-pool2-2.12.0.jar:/usr/local/google/home/daniellan/.m2/repository/org/json/json/20231013/json-20231013.jar:/usr/local/google/home/daniellan/.m2/repository/org/springframework/ai/spring-ai-vertex-ai-gemini/1.0.0-SNAPSHOT/spring-ai-vertex-ai-gemini-1.0.0-SNAPSHOT.jar:/usr/local/google/home/daniellan/.m2/repository/org/springframework/ai/spring-ai-core/1.0.0-SNAPSHOT/spring-ai-core-1.0.0-SNAPSHOT.jar:/usr/local/google/home/daniellan/.m2/repository/io/swagger/core/v3/swagger-annotations/2.2.20/swagger-annotations-2.2.20.jar:/usr/local/google/home/daniellan/.m2/repository/com/github/victools/jsonschema-module-swagger-2/4.35.0/jsonschema-module-swagger-2-4.35.0.jar:/usr/local/google/home/daniellan/.m2/repository/org/springframework/cloud/spring-cloud-function-context/4.1.1/spring-cloud-function-context-4.1.1.jar:/usr/local/google/home/daniellan/.m2/repository/net/jodah/typetools/0.6.2/typetools-0.6.2.jar:/usr/local/google/home/daniellan/.m2/repository/org/springframework/cloud/spring-cloud-function-core/4.1.1/spring-cloud-function-core-4.1.1.jar:/usr/local/google/home/daniellan/.m2/repository/org/antlr/ST4/4.3.4/ST4-4.3.4.jar:/usr/local/google/home/daniellan/.m2/repository/org/antlr/antlr-runtime/3.5.3/antlr-runtime-3.5.3.jar:/usr/local/google/home/daniellan/.m2/repository/io/projectreactor/reactor-core/3.6.5/reactor-core-3.6.5.jar:/usr/local/google/home/daniellan/.m2/repository/org/reactivestreams/reactive-streams/1.0.4/reactive-streams-1.0.4.jar:/usr/local/google/home/daniellan/.m2/repository/org/springframework/spring-messaging/6.1.6/spring-messaging-6.1.6.jar:/usr/local/google/home/daniellan/.m2/repository/com/knuddels/jtokkit/1.0.0/jtokkit-1.0.0.jar:/usr/local/google/home/daniellan/.m2/repository/com/github/victools/jsonschema-generator/4.35.0/jsonschema-generator-4.35.0.jar:/usr/local/google/home/daniellan/.m2/repository/com/github/victools/jsonschema-module-jackson/4.35.0/jsonschema-module-jackson-4.35.0.jar:/usr/local/google/home/daniellan/.m2/repository/org/springframework/spring-context-support/6.1.6/spring-context-support-6.1.6.jar:/usr/local/google/home/daniellan/.m2/repository/org/springframework/boot/spring-boot-starter-thymeleaf/3.2.5/spring-boot-starter-thymeleaf-3.2.5.jar:/usr/local/google/home/daniellan/.m2/repository/org/thymeleaf/thymeleaf-spring6/3.1.2.RELEASE/thymeleaf-spring6-3.1.2.RELEASE.jar:/usr/local/google/home/daniellan/.m2/repository/org/thymeleaf/thymeleaf/3.1.2.RELEASE/thymeleaf-3.1.2.RELEASE.jar:/usr/local/google/home/daniellan/.m2/repository/org/attoparser/attoparser/2.0.7.RELEASE/attoparser-2.0.7.RELEASE.jar:/usr/local/google/home/daniellan/.m2/repository/org/unbescape/unbescape/1.1.6.RELEASE/unbescape-1.1.6.RELEASE.jar:/usr/local/google/home/daniellan/.m2/repository/org/slf4j/slf4j-api/2.0.13/slf4j-api-2.0.13.jar:/usr/local/google/home/daniellan/.m2/repository/org/flywaydb/flyway-core/9.22.3/flyway-core-9.22.3.jar:/usr/local/google/home/daniellan/.m2/repository/com/fasterxml/jackson/dataformat/jackson-dataformat-toml/2.15.4/jackson-dataformat-toml-2.15.4.jar:/usr/local/google/home/daniellan/.m2/repository/com/fasterxml/jackson/core/jackson-core/2.15.4/jackson-core-2.15.4.jar:/usr/local/google/home/daniellan/.m2/repository/com/google/code/gson/gson/2.10.1/gson-2.10.1.jar:/usr/local/google/home/daniellan/.m2/repository/org/springframework/boot/spring-boot-starter-actuator/3.2.5/spring-boot-starter-actuator-3.2.5.jar:/usr/local/google/home/daniellan/.m2/repository/org/springframework/boot/spring-boot-actuator-autoconfigure/3.2.5/spring-boot-actuator-autoconfigure-3.2.5.jar:/usr/local/google/home/daniellan/.m2/repository/org/springframework/boot/spring-boot-actuator/3.2.5/spring-boot-actuator-3.2.5.jar:/usr/local/google/home/daniellan/.m2/repository/io/micrometer/micrometer-observation/1.12.5/micrometer-observation-1.12.5.jar:/usr/local/google/home/daniellan/.m2/repository/io/micrometer/micrometer-commons/1.12.5/micrometer-commons-1.12.5.jar:/usr/local/google/home/daniellan/.m2/repository/io/micrometer/micrometer-jakarta9/1.12.5/micrometer-jakarta9-1.12.5.jar:/usr/local/google/home/daniellan/.m2/repository/io/micrometer/micrometer-core/1.12.5/micrometer-core-1.12.5.jar:/usr/local/google/home/daniellan/.m2/repository/org/hdrhistogram/HdrHistogram/2.1.12/HdrHistogram-2.1.12.jar:/usr/local/google/home/daniellan/.m2/repository/org/latencyutils/LatencyUtils/2.0.3/LatencyUtils-2.0.3.jar:/usr/local/google/home/daniellan/.m2/repository/org/springframework/boot/spring-boot-starter-data-jpa/3.2.5/spring-boot-starter-data-jpa-3.2.5.jar:/usr/local/google/home/daniellan/.m2/repository/org/springframework/boot/spring-boot-starter-aop/3.2.5/spring-boot-starter-aop-3.2.5.jar:/usr/local/google/home/daniellan/.m2/repository/org/aspectj/aspectjweaver/1.9.22/aspectjweaver-1.9.22.jar:/usr/local/google/home/daniellan/.m2/repository/org/springframework/boot/spring-boot-starter-jdbc/3.2.5/spring-boot-starter-jdbc-3.2.5.jar:/usr/local/google/home/daniellan/.m2/repository/com/zaxxer/HikariCP/5.0.1/HikariCP-5.0.1.jar:/usr/local/google/home/daniellan/.m2/repository/org/springframework/spring-jdbc/6.1.6/spring-jdbc-6.1.6.jar:/usr/local/google/home/daniellan/.m2/repository/org/hibernate/orm/hibernate-core/6.4.4.Final/hibernate-core-6.4.4.Final.jar:/usr/local/google/home/daniellan/.m2/repository/jakarta/persistence/jakarta.persistence-api/3.1.0/jakarta.persistence-api-3.1.0.jar:/usr/local/google/home/daniellan/.m2/repository/jakarta/transaction/jakarta.transaction-api/2.0.1/jakarta.transaction-api-2.0.1.jar:/usr/local/google/home/daniellan/.m2/repository/org/jboss/logging/jboss-logging/3.5.3.Final/jboss-logging-3.5.3.Final.jar:/usr/local/google/home/daniellan/.m2/repository/org/hibernate/common/hibernate-commons-annotations/6.0.6.Final/hibernate-commons-annotations-6.0.6.Final.jar:/usr/local/google/home/daniellan/.m2/repository/io/smallrye/jandex/3.1.2/jandex-3.1.2.jar:/usr/local/google/home/daniellan/.m2/repository/com/fasterxml/classmate/1.6.0/classmate-1.6.0.jar:/usr/local/google/home/daniellan/.m2/repository/org/glassfish/jaxb/jaxb-runtime/4.0.5/jaxb-runtime-4.0.5.jar:/usr/local/google/home/daniellan/.m2/repository/org/glassfish/jaxb/jaxb-core/4.0.5/jaxb-core-4.0.5.jar:/usr/local/google/home/daniellan/.m2/repository/org/eclipse/angus/angus-activation/2.0.2/angus-activation-2.0.2.jar:/usr/local/google/home/daniellan/.m2/repository/org/glassfish/jaxb/txw2/4.0.5/txw2-4.0.5.jar:/usr/local/google/home/daniellan/.m2/repository/com/sun/istack/istack-commons-runtime/4.1.2/istack-commons-runtime-4.1.2.jar:/usr/local/google/home/daniellan/.m2/repository/jakarta/inject/jakarta.inject-api/2.0.1/jakarta.inject-api-2.0.1.jar:/usr/local/google/home/daniellan/.m2/repository/org/antlr/antlr4-runtime/4.13.0/antlr4-runtime-4.13.0.jar:/usr/local/google/home/daniellan/.m2/repository/org/springframework/data/spring-data-jpa/3.2.5/spring-data-jpa-3.2.5.jar:/usr/local/google/home/daniellan/.m2/repository/org/springframework/data/spring-data-commons/3.2.5/spring-data-commons-3.2.5.jar:/usr/local/google/home/daniellan/.m2/repository/org/springframework/spring-orm/6.1.6/spring-orm-6.1.6.jar:/usr/local/google/home/daniellan/.m2/repository/org/springframework/spring-tx/6.1.6/spring-tx-6.1.6.jar:/usr/local/google/home/daniellan/.m2/repository/org/springframework/spring-aspects/6.1.6/spring-aspects-6.1.6.jar:/usr/local/google/home/daniellan/.m2/repository/com/h2database/h2/2.2.224/h2-2.2.224.jar:/usr/local/google/home/daniellan/.m2/repository/org/postgresql/postgresql/42.6.2/postgresql-42.6.2.jar:/usr/local/google/home/daniellan/.m2/repository/org/checkerframework/checker-qual/3.31.0/checker-qual-3.31.0.jar:/usr/local/google/home/daniellan/.m2/repository/javax/annotation/javax.annotation-api/1.3.2/javax.annotation-api-1.3.2.jar:/usr/local/google/home/daniellan/.m2/repository/org/springframework/boot/spring-boot-starter-test/3.2.5/spring-boot-starter-test-3.2.5.jar:/usr/local/google/home/daniellan/.m2/repository/org/springframework/boot/spring-boot-test/3.2.5/spring-boot-test-3.2.5.jar:/usr/local/google/home/daniellan/.m2/repository/org/springframework/boot/spring-boot-test-autoconfigure/3.2.5/spring-boot-test-autoconfigure-3.2.5.jar:/usr/local/google/home/daniellan/.m2/repository/com/jayway/jsonpath/json-path/2.9.0/json-path-2.9.0.jar:/usr/local/google/home/daniellan/.m2/repository/jakarta/xml/bind/jakarta.xml.bind-api/4.0.2/jakarta.xml.bind-api-4.0.2.jar:/usr/local/google/home/daniellan/.m2/repository/jakarta/activation/jakarta.activation-api/2.1.3/jakarta.activation-api-2.1.3.jar:/usr/local/google/home/daniellan/.m2/repository/net/minidev/json-smart/2.5.1/json-smart-2.5.1.jar:/usr/local/google/home/daniellan/.m2/repository/net/minidev/accessors-smart/2.5.1/accessors-smart-2.5.1.jar:/usr/local/google/home/daniellan/.m2/repository/org/ow2/asm/asm/9.6/asm-9.6.jar:/usr/local/google/home/daniellan/.m2/repository/org/awaitility/awaitility/4.2.1/awaitility-4.2.1.jar:/usr/local/google/home/daniellan/.m2/repository/org/hamcrest/hamcrest/2.2/hamcrest-2.2.jar:/usr/local/google/home/daniellan/.m2/repository/org/junit/jupiter/junit-jupiter/5.10.2/junit-jupiter-5.10.2.jar:/usr/local/google/home/daniellan/.m2/repository/org/junit/jupiter/junit-jupiter-api/5.10.2/junit-jupiter-api-5.10.2.jar:/usr/local/google/home/daniellan/.m2/repository/org/opentest4j/opentest4j/1.3.0/opentest4j-1.3.0.jar:/usr/local/google/home/daniellan/.m2/repository/org/junit/platform/junit-platform-commons/1.10.2/junit-platform-commons-1.10.2.jar:/usr/local/google/home/daniellan/.m2/repository/org/apiguardian/apiguardian-api/1.1.2/apiguardian-api-1.1.2.jar:/usr/local/google/home/daniellan/.m2/repository/org/junit/jupiter/junit-jupiter-params/5.10.2/junit-jupiter-params-5.10.2.jar:/usr/local/google/home/daniellan/.m2/repository/org/junit/jupiter/junit-jupiter-engine/5.10.2/junit-jupiter-engine-5.10.2.jar:/usr/local/google/home/daniellan/.m2/repository/org/junit/platform/junit-platform-engine/1.10.2/junit-platform-engine-1.10.2.jar:/usr/local/google/home/daniellan/.m2/repository/org/mockito/mockito-core/5.7.0/mockito-core-5.7.0.jar:/usr/local/google/home/daniellan/.m2/repository/net/bytebuddy/byte-buddy-agent/1.14.13/byte-buddy-agent-1.14.13.jar:/usr/local/google/home/daniellan/.m2/repository/org/objenesis/objenesis/3.3/objenesis-3.3.jar:/usr/local/google/home/daniellan/.m2/repository/org/mockito/mockito-junit-jupiter/5.7.0/mockito-junit-jupiter-5.7.0.jar:/usr/local/google/home/daniellan/.m2/repository/org/skyscreamer/jsonassert/1.5.1/jsonassert-1.5.1.jar:/usr/local/google/home/daniellan/.m2/repository/com/vaadin/external/google/android-json/0.0.20131108.vaadin1/android-json-0.0.20131108.vaadin1.jar:/usr/local/google/home/daniellan/.m2/repository/org/springframework/spring-core/6.1.6/spring-core-6.1.6.jar:/usr/local/google/home/daniellan/.m2/repository/org/springframework/spring-jcl/6.1.6/spring-jcl-6.1.6.jar:/usr/local/google/home/daniellan/.m2/repository/org/springframework/spring-test/6.1.6/spring-test-6.1.6.jar:/usr/local/google/home/daniellan/.m2/repository/org/xmlunit/xmlunit-core/2.9.1/xmlunit-core-2.9.1.jar:/usr/local/google/home/daniellan/.m2/repository/org/springframework/boot/spring-boot-testcontainers/3.2.5/spring-boot-testcontainers-3.2.5.jar:/usr/local/google/home/daniellan/.m2/repository/org/springframework/boot/spring-boot-autoconfigure/3.2.5/spring-boot-autoconfigure-3.2.5.jar:/usr/local/google/home/daniellan/.m2/repository/org/testcontainers/testcontainers/1.19.7/testcontainers-1.19.7.jar:/usr/local/google/home/daniellan/.m2/repository/junit/junit/4.13.2/junit-4.13.2.jar:/usr/local/google/home/daniellan/.m2/repository/org/hamcrest/hamcrest-core/2.2/hamcrest-core-2.2.jar:/usr/local/google/home/daniellan/.m2/repository/org/apache/commons/commons-compress/1.24.0/commons-compress-1.24.0.jar:/usr/local/google/home/daniellan/.m2/repository/org/rnorth/duct-tape/duct-tape/1.0.8/duct-tape-1.0.8.jar:/usr/local/google/home/daniellan/.m2/repository/org/jetbrains/annotations/17.0.0/annotations-17.0.0.jar:/usr/local/google/home/daniellan/.m2/repository/com/github/docker-java/docker-java-api/3.3.6/docker-java-api-3.3.6.jar:/usr/local/google/home/daniellan/.m2/repository/com/github/docker-java/docker-java-transport-zerodep/3.3.6/docker-java-transport-zerodep-3.3.6.jar:/usr/local/google/home/daniellan/.m2/repository/com/github/docker-java/docker-java-transport/3.3.6/docker-java-transport-3.3.6.jar:/usr/local/google/home/daniellan/.m2/repository/net/java/dev/jna/jna/5.13.0/jna-5.13.0.jar:/usr/local/google/home/daniellan/.m2/repository/org/testcontainers/junit-jupiter/1.19.7/junit-jupiter-1.19.7.jar:/usr/local/google/home/daniellan/.m2/repository/org/assertj/assertj-core/3.24.2/assertj-core-3.24.2.jar:/usr/local/google/home/daniellan/.m2/repository/net/bytebuddy/byte-buddy/1.14.13/byte-buddy-1.14.13.jar:/usr/local/google/home/daniellan/.m2/repository/org/testcontainers/postgresql/1.19.7/postgresql-1.19.7.jar:/usr/local/google/home/daniellan/.m2/repository/org/testcontainers/jdbc/1.19.7/jdbc-1.19.7.jar:/usr/local/google/home/daniellan/.m2/repository/org/testcontainers/database-commons/1.19.7/database-commons-1.19.7.jar:/usr/local/google/home/daniellan/.m2/repository/org/testcontainers/toxiproxy/1.19.7/toxiproxy-1.19.7.jar:/usr/local/google/home/daniellan/.m2/repository/eu/rekawek/toxiproxy/toxiproxy-java/2.1.7/toxiproxy-java-2.1.7.jar:/usr/local/google/home/daniellan/.m2/repository/com/google/cloud/google-cloud-vertexai/0.1.0/google-cloud-vertexai-0.1.0.jar:/usr/local/google/home/daniellan/.m2/repository/io/grpc/grpc-api/1.59.1/grpc-api-1.59.1.jar:/usr/local/google/home/daniellan/.m2/repository/com/google/code/findbugs/jsr305/3.0.2/jsr305-3.0.2.jar:/usr/local/google/home/daniellan/.m2/repository/com/google/errorprone/error_prone_annotations/2.23.0/error_prone_annotations-2.23.0.jar:/usr/local/google/home/daniellan/.m2/repository/io/grpc/grpc-stub/1.59.1/grpc-stub-1.59.1.jar:/usr/local/google/home/daniellan/.m2/repository/io/grpc/grpc-protobuf/1.59.1/grpc-protobuf-1.59.1.jar:/usr/local/google/home/daniellan/.m2/repository/io/grpc/grpc-protobuf-lite/1.59.1/grpc-protobuf-lite-1.59.1.jar:/usr/local/google/home/daniellan/.m2/repository/com/google/api/api-common/2.21.0/api-common-2.21.0.jar:/usr/local/google/home/daniellan/.m2/repository/com/google/auto/value/auto-value-annotations/1.10.4/auto-value-annotations-1.10.4.jar:/usr/local/google/home/daniellan/.m2/repository/com/google/protobuf/protobuf-java/3.25.1/protobuf-java-3.25.1.jar:/usr/local/google/home/daniellan/.m2/repository/com/google/api/grpc/proto-google-common-protos/2.29.0/proto-google-common-protos-2.29.0.jar:/usr/local/google/home/daniellan/.m2/repository/com/google/api/grpc/proto-google-cloud-vertexai-v1beta1/0.1.0/proto-google-cloud-vertexai-v1beta1-0.1.0.jar:/usr/local/google/home/daniellan/.m2/repository/com/google/guava/guava/32.1.3-jre/guava-32.1.3-jre.jar:/usr/local/google/home/daniellan/.m2/repository/com/google/guava/failureaccess/1.0.1/failureaccess-1.0.1.jar:/usr/local/google/home/daniellan/.m2/repository/com/google/guava/listenablefuture/9999.0-empty-to-avoid-conflict-with-guava/listenablefuture-9999.0-empty-to-avoid-conflict-with-guava.jar:/usr/local/google/home/daniellan/.m2/repository/com/google/j2objc/j2objc-annotations/2.8/j2objc-annotations-2.8.jar:/usr/local/google/home/daniellan/.m2/repository/com/google/api/gax/2.38.0/gax-2.38.0.jar:/usr/local/google/home/daniellan/.m2/repository/com/google/auth/google-auth-library-credentials/1.20.0/google-auth-library-credentials-1.20.0.jar:/usr/local/google/home/daniellan/.m2/repository/io/opencensus/opencensus-api/0.31.1/opencensus-api-0.31.1.jar:/usr/local/google/home/daniellan/.m2/repository/io/grpc/grpc-context/1.59.1/grpc-context-1.59.1.jar:/usr/local/google/home/daniellan/.m2/repository/com/google/auth/google-auth-library-oauth2-http/1.20.0/google-auth-library-oauth2-http-1.20.0.jar:/usr/local/google/home/daniellan/.m2/repository/com/google/api/gax-grpc/2.38.0/gax-grpc-2.38.0.jar:/usr/local/google/home/daniellan/.m2/repository/io/grpc/grpc-inprocess/1.59.1/grpc-inprocess-1.59.1.jar:/usr/local/google/home/daniellan/.m2/repository/io/grpc/grpc-core/1.59.1/grpc-core-1.59.1.jar:/usr/local/google/home/daniellan/.m2/repository/com/google/android/annotations/4.1.1.4/annotations-4.1.1.4.jar:/usr/local/google/home/daniellan/.m2/repository/org/codehaus/mojo/animal-sniffer-annotations/1.23/animal-sniffer-annotations-1.23.jar:/usr/local/google/home/daniellan/.m2/repository/io/grpc/grpc-util/1.59.1/grpc-util-1.59.1.jar:/usr/local/google/home/daniellan/.m2/repository/io/grpc/grpc-alts/1.59.1/grpc-alts-1.59.1.jar:/usr/local/google/home/daniellan/.m2/repository/io/grpc/grpc-grpclb/1.59.1/grpc-grpclb-1.59.1.jar:/usr/local/google/home/daniellan/.m2/repository/org/conscrypt/conscrypt-openjdk-uber/2.5.2/conscrypt-openjdk-uber-2.5.2.jar:/usr/local/google/home/daniellan/.m2/repository/io/grpc/grpc-auth/1.59.1/grpc-auth-1.59.1.jar:/usr/local/google/home/daniellan/.m2/repository/io/grpc/grpc-netty-shaded/1.59.1/grpc-netty-shaded-1.59.1.jar:/usr/local/google/home/daniellan/.m2/repository/io/perfmark/perfmark-api/0.26.0/perfmark-api-0.26.0.jar:/usr/local/google/home/daniellan/.m2/repository/io/grpc/grpc-googleapis/1.59.1/grpc-googleapis-1.59.1.jar:/usr/local/google/home/daniellan/.m2/repository/io/grpc/grpc-xds/1.59.1/grpc-xds-1.59.1.jar:/usr/local/google/home/daniellan/.m2/repository/io/opencensus/opencensus-proto/0.2.0/opencensus-proto-0.2.0.jar:/usr/local/google/home/daniellan/.m2/repository/io/grpc/grpc-services/1.59.1/grpc-services-1.59.1.jar:/usr/local/google/home/daniellan/.m2/repository/com/google/re2j/re2j/1.7/re2j-1.7.jar:/usr/local/google/home/daniellan/.m2/repository/com/google/api/gax-httpjson/2.38.0/gax-httpjson-2.38.0.jar:/usr/local/google/home/daniellan/.m2/repository/com/google/http-client/google-http-client/1.43.3/google-http-client-1.43.3.jar:/usr/local/google/home/daniellan/.m2/repository/org/apache/httpcomponents/httpclient/4.5.14/httpclient-4.5.14.jar:/usr/local/google/home/daniellan/.m2/repository/commons-logging/commons-logging/1.2/commons-logging-1.2.jar:/usr/local/google/home/daniellan/.m2/repository/commons-codec/commons-codec/1.16.1/commons-codec-1.16.1.jar:/usr/local/google/home/daniellan/.m2/repository/org/apache/httpcomponents/httpcore/4.4.16/httpcore-4.4.16.jar:/usr/local/google/home/daniellan/.m2/repository/io/opencensus/opencensus-contrib-http-util/0.31.1/opencensus-contrib-http-util-0.31.1.jar:/usr/local/google/home/daniellan/.m2/repository/com/google/http-client/google-http-client-gson/1.43.3/google-http-client-gson-1.43.3.jar:/usr/local/google/home/daniellan/.m2/repository/com/google/protobuf/protobuf-java-util/3.25.1/protobuf-java-util-3.25.1.jar:/usr/local/google/home/daniellan/.m2/repository/com/google/api/grpc/grpc-google-common-protos/2.29.0/grpc-google-common-protos-2.29.0.jar:/usr/local/google/home/daniellan/.m2/repository/com/google/api/grpc/proto-google-iam-v1/1.24.0/proto-google-iam-v1-1.24.0.jar:/usr/local/google/home/daniellan/.m2/repository/com/google/api/grpc/grpc-google-iam-v1/1.24.0/grpc-google-iam-v1-1.24.0.jar:/usr/local/google/home/daniellan/.m2/repository/org/threeten/threetenbp/1.6.8/threetenbp-1.6.8.jar:"/>
    <property name="java.vm.vendor" value="Eclipse Adoptium"/>
    <property name="sun.arch.data.model" value="64"/>
    <property name="java.vendor.url" value="https://adoptium.net/"/>
    <property name="user.timezone" value="Etc/UTC"/>
    <property name="org.jboss.logging.provider" value="slf4j"/>
    <property name="os.name" value="Linux"/>
    <property name="java.vm.specification.version" value="21"/>
    <property name="sun.java.launcher" value="SUN_STANDARD"/>
    <property name="user.country" value="US"/>
    <property name="sun.boot.library.path" value="/usr/local/google/home/daniellan/.sdkman/candidates/java/21.0.3-tem/lib"/>
    <property name="sun.java.command" value="/usr/local/google/home/daniellan/quotes-workshop/target/surefire/surefirebooter-20240710174635396_3.jar /usr/local/google/home/daniellan/quotes-workshop/target/surefire 2024-07-10T17-46-35_303-jvmRun1 surefire-20240710174635396_1tmp surefire_0-20240710174635396_2tmp"/>
    <property name="jdk.debug" value="release"/>
    <property name="surefire.test.class.path" value="/usr/local/google/home/daniellan/quotes-workshop/target/test-classes:/usr/local/google/home/daniellan/quotes-workshop/target/classes:/usr/local/google/home/daniellan/.m2/repository/org/springframework/boot/spring-boot-starter-web/3.2.5/spring-boot-starter-web-3.2.5.jar:/usr/local/google/home/daniellan/.m2/repository/org/springframework/boot/spring-boot-starter/3.2.5/spring-boot-starter-3.2.5.jar:/usr/local/google/home/daniellan/.m2/repository/org/springframework/boot/spring-boot/3.2.5/spring-boot-3.2.5.jar:/usr/local/google/home/daniellan/.m2/repository/org/springframework/boot/spring-boot-starter-logging/3.2.5/spring-boot-starter-logging-3.2.5.jar:/usr/local/google/home/daniellan/.m2/repository/ch/qos/logback/logback-classic/1.4.14/logback-classic-1.4.14.jar:/usr/local/google/home/daniellan/.m2/repository/ch/qos/logback/logback-core/1.4.14/logback-core-1.4.14.jar:/usr/local/google/home/daniellan/.m2/repository/org/apache/logging/log4j/log4j-to-slf4j/2.21.1/log4j-to-slf4j-2.21.1.jar:/usr/local/google/home/daniellan/.m2/repository/org/apache/logging/log4j/log4j-api/2.21.1/log4j-api-2.21.1.jar:/usr/local/google/home/daniellan/.m2/repository/org/slf4j/jul-to-slf4j/2.0.13/jul-to-slf4j-2.0.13.jar:/usr/local/google/home/daniellan/.m2/repository/jakarta/annotation/jakarta.annotation-api/2.1.1/jakarta.annotation-api-2.1.1.jar:/usr/local/google/home/daniellan/.m2/repository/org/yaml/snakeyaml/2.2/snakeyaml-2.2.jar:/usr/local/google/home/daniellan/.m2/repository/org/springframework/boot/spring-boot-starter-json/3.2.5/spring-boot-starter-json-3.2.5.jar:/usr/local/google/home/daniellan/.m2/repository/com/fasterxml/jackson/core/jackson-databind/2.15.4/jackson-databind-2.15.4.jar:/usr/local/google/home/daniellan/.m2/repository/com/fasterxml/jackson/core/jackson-annotations/2.15.4/jackson-annotations-2.15.4.jar:/usr/local/google/home/daniellan/.m2/repository/com/fasterxml/jackson/datatype/jackson-datatype-jdk8/2.15.4/jackson-datatype-jdk8-2.15.4.jar:/usr/local/google/home/daniellan/.m2/repository/com/fasterxml/jackson/datatype/jackson-datatype-jsr310/2.15.4/jackson-datatype-jsr310-2.15.4.jar:/usr/local/google/home/daniellan/.m2/repository/com/fasterxml/jackson/module/jackson-module-parameter-names/2.15.4/jackson-module-parameter-names-2.15.4.jar:/usr/local/google/home/daniellan/.m2/repository/org/springframework/boot/spring-boot-starter-tomcat/3.2.5/spring-boot-starter-tomcat-3.2.5.jar:/usr/local/google/home/daniellan/.m2/repository/org/apache/tomcat/embed/tomcat-embed-core/10.1.20/tomcat-embed-core-10.1.20.jar:/usr/local/google/home/daniellan/.m2/repository/org/apache/tomcat/embed/tomcat-embed-el/10.1.20/tomcat-embed-el-10.1.20.jar:/usr/local/google/home/daniellan/.m2/repository/org/apache/tomcat/embed/tomcat-embed-websocket/10.1.20/tomcat-embed-websocket-10.1.20.jar:/usr/local/google/home/daniellan/.m2/repository/org/springframework/spring-web/6.1.6/spring-web-6.1.6.jar:/usr/local/google/home/daniellan/.m2/repository/org/springframework/spring-beans/6.1.6/spring-beans-6.1.6.jar:/usr/local/google/home/daniellan/.m2/repository/org/springframework/spring-webmvc/6.1.6/spring-webmvc-6.1.6.jar:/usr/local/google/home/daniellan/.m2/repository/org/springframework/spring-aop/6.1.6/spring-aop-6.1.6.jar:/usr/local/google/home/daniellan/.m2/repository/org/springframework/spring-context/6.1.6/spring-context-6.1.6.jar:/usr/local/google/home/daniellan/.m2/repository/org/springframework/spring-expression/6.1.6/spring-expression-6.1.6.jar:/usr/local/google/home/daniellan/.m2/repository/org/springframework/ai/spring-ai-vertex-ai-gemini-spring-boot-starter/1.0.0-SNAPSHOT/spring-ai-vertex-ai-gemini-spring-boot-starter-1.0.0-SNAPSHOT.jar:/usr/local/google/home/daniellan/.m2/repository/org/springframework/ai/spring-ai-spring-boot-autoconfigure/1.0.0-SNAPSHOT/spring-ai-spring-boot-autoconfigure-1.0.0-SNAPSHOT.jar:/usr/local/google/home/daniellan/.m2/repository/io/netty/netty-codec-http2/4.1.109.Final/netty-codec-http2-4.1.109.Final.jar:/usr/local/google/home/daniellan/.m2/repository/io/netty/netty-common/4.1.109.Final/netty-common-4.1.109.Final.jar:/usr/local/google/home/daniellan/.m2/repository/io/netty/netty-buffer/4.1.109.Final/netty-buffer-4.1.109.Final.jar:/usr/local/google/home/daniellan/.m2/repository/io/netty/netty-transport/4.1.109.Final/netty-transport-4.1.109.Final.jar:/usr/local/google/home/daniellan/.m2/repository/io/netty/netty-resolver/4.1.109.Final/netty-resolver-4.1.109.Final.jar:/usr/local/google/home/daniellan/.m2/repository/io/netty/netty-codec/4.1.109.Final/netty-codec-4.1.109.Final.jar:/usr/local/google/home/daniellan/.m2/repository/io/netty/netty-handler/4.1.109.Final/netty-handler-4.1.109.Final.jar:/usr/local/google/home/daniellan/.m2/repository/io/netty/netty-transport-native-unix-common/4.1.109.Final/netty-transport-native-unix-common-4.1.109.Final.jar:/usr/local/google/home/daniellan/.m2/repository/io/netty/netty-codec-http/4.1.109.Final/netty-codec-http-4.1.109.Final.jar:/usr/local/google/home/daniellan/.m2/repository/redis/clients/jedis/5.0.2/jedis-5.0.2.jar:/usr/local/google/home/daniellan/.m2/repository/org/apache/commons/commons-pool2/2.12.0/commons-pool2-2.12.0.jar:/usr/local/google/home/daniellan/.m2/repository/org/json/json/20231013/json-20231013.jar:/usr/local/google/home/daniellan/.m2/repository/org/springframework/ai/spring-ai-vertex-ai-gemini/1.0.0-SNAPSHOT/spring-ai-vertex-ai-gemini-1.0.0-SNAPSHOT.jar:/usr/local/google/home/daniellan/.m2/repository/org/springframework/ai/spring-ai-core/1.0.0-SNAPSHOT/spring-ai-core-1.0.0-SNAPSHOT.jar:/usr/local/google/home/daniellan/.m2/repository/io/swagger/core/v3/swagger-annotations/2.2.20/swagger-annotations-2.2.20.jar:/usr/local/google/home/daniellan/.m2/repository/com/github/victools/jsonschema-module-swagger-2/4.35.0/jsonschema-module-swagger-2-4.35.0.jar:/usr/local/google/home/daniellan/.m2/repository/org/springframework/cloud/spring-cloud-function-context/4.1.1/spring-cloud-function-context-4.1.1.jar:/usr/local/google/home/daniellan/.m2/repository/net/jodah/typetools/0.6.2/typetools-0.6.2.jar:/usr/local/google/home/daniellan/.m2/repository/org/springframework/cloud/spring-cloud-function-core/4.1.1/spring-cloud-function-core-4.1.1.jar:/usr/local/google/home/daniellan/.m2/repository/org/antlr/ST4/4.3.4/ST4-4.3.4.jar:/usr/local/google/home/daniellan/.m2/repository/org/antlr/antlr-runtime/3.5.3/antlr-runtime-3.5.3.jar:/usr/local/google/home/daniellan/.m2/repository/io/projectreactor/reactor-core/3.6.5/reactor-core-3.6.5.jar:/usr/local/google/home/daniellan/.m2/repository/org/reactivestreams/reactive-streams/1.0.4/reactive-streams-1.0.4.jar:/usr/local/google/home/daniellan/.m2/repository/org/springframework/spring-messaging/6.1.6/spring-messaging-6.1.6.jar:/usr/local/google/home/daniellan/.m2/repository/com/knuddels/jtokkit/1.0.0/jtokkit-1.0.0.jar:/usr/local/google/home/daniellan/.m2/repository/com/github/victools/jsonschema-generator/4.35.0/jsonschema-generator-4.35.0.jar:/usr/local/google/home/daniellan/.m2/repository/com/github/victools/jsonschema-module-jackson/4.35.0/jsonschema-module-jackson-4.35.0.jar:/usr/local/google/home/daniellan/.m2/repository/org/springframework/spring-context-support/6.1.6/spring-context-support-6.1.6.jar:/usr/local/google/home/daniellan/.m2/repository/org/springframework/boot/spring-boot-starter-thymeleaf/3.2.5/spring-boot-starter-thymeleaf-3.2.5.jar:/usr/local/google/home/daniellan/.m2/repository/org/thymeleaf/thymeleaf-spring6/3.1.2.RELEASE/thymeleaf-spring6-3.1.2.RELEASE.jar:/usr/local/google/home/daniellan/.m2/repository/org/thymeleaf/thymeleaf/3.1.2.RELEASE/thymeleaf-3.1.2.RELEASE.jar:/usr/local/google/home/daniellan/.m2/repository/org/attoparser/attoparser/2.0.7.RELEASE/attoparser-2.0.7.RELEASE.jar:/usr/local/google/home/daniellan/.m2/repository/org/unbescape/unbescape/1.1.6.RELEASE/unbescape-1.1.6.RELEASE.jar:/usr/local/google/home/daniellan/.m2/repository/org/slf4j/slf4j-api/2.0.13/slf4j-api-2.0.13.jar:/usr/local/google/home/daniellan/.m2/repository/org/flywaydb/flyway-core/9.22.3/flyway-core-9.22.3.jar:/usr/local/google/home/daniellan/.m2/repository/com/fasterxml/jackson/dataformat/jackson-dataformat-toml/2.15.4/jackson-dataformat-toml-2.15.4.jar:/usr/local/google/home/daniellan/.m2/repository/com/fasterxml/jackson/core/jackson-core/2.15.4/jackson-core-2.15.4.jar:/usr/local/google/home/daniellan/.m2/repository/com/google/code/gson/gson/2.10.1/gson-2.10.1.jar:/usr/local/google/home/daniellan/.m2/repository/org/springframework/boot/spring-boot-starter-actuator/3.2.5/spring-boot-starter-actuator-3.2.5.jar:/usr/local/google/home/daniellan/.m2/repository/org/springframework/boot/spring-boot-actuator-autoconfigure/3.2.5/spring-boot-actuator-autoconfigure-3.2.5.jar:/usr/local/google/home/daniellan/.m2/repository/org/springframework/boot/spring-boot-actuator/3.2.5/spring-boot-actuator-3.2.5.jar:/usr/local/google/home/daniellan/.m2/repository/io/micrometer/micrometer-observation/1.12.5/micrometer-observation-1.12.5.jar:/usr/local/google/home/daniellan/.m2/repository/io/micrometer/micrometer-commons/1.12.5/micrometer-commons-1.12.5.jar:/usr/local/google/home/daniellan/.m2/repository/io/micrometer/micrometer-jakarta9/1.12.5/micrometer-jakarta9-1.12.5.jar:/usr/local/google/home/daniellan/.m2/repository/io/micrometer/micrometer-core/1.12.5/micrometer-core-1.12.5.jar:/usr/local/google/home/daniellan/.m2/repository/org/hdrhistogram/HdrHistogram/2.1.12/HdrHistogram-2.1.12.jar:/usr/local/google/home/daniellan/.m2/repository/org/latencyutils/LatencyUtils/2.0.3/LatencyUtils-2.0.3.jar:/usr/local/google/home/daniellan/.m2/repository/org/springframework/boot/spring-boot-starter-data-jpa/3.2.5/spring-boot-starter-data-jpa-3.2.5.jar:/usr/local/google/home/daniellan/.m2/repository/org/springframework/boot/spring-boot-starter-aop/3.2.5/spring-boot-starter-aop-3.2.5.jar:/usr/local/google/home/daniellan/.m2/repository/org/aspectj/aspectjweaver/1.9.22/aspectjweaver-1.9.22.jar:/usr/local/google/home/daniellan/.m2/repository/org/springframework/boot/spring-boot-starter-jdbc/3.2.5/spring-boot-starter-jdbc-3.2.5.jar:/usr/local/google/home/daniellan/.m2/repository/com/zaxxer/HikariCP/5.0.1/HikariCP-5.0.1.jar:/usr/local/google/home/daniellan/.m2/repository/org/springframework/spring-jdbc/6.1.6/spring-jdbc-6.1.6.jar:/usr/local/google/home/daniellan/.m2/repository/org/hibernate/orm/hibernate-core/6.4.4.Final/hibernate-core-6.4.4.Final.jar:/usr/local/google/home/daniellan/.m2/repository/jakarta/persistence/jakarta.persistence-api/3.1.0/jakarta.persistence-api-3.1.0.jar:/usr/local/google/home/daniellan/.m2/repository/jakarta/transaction/jakarta.transaction-api/2.0.1/jakarta.transaction-api-2.0.1.jar:/usr/local/google/home/daniellan/.m2/repository/org/jboss/logging/jboss-logging/3.5.3.Final/jboss-logging-3.5.3.Final.jar:/usr/local/google/home/daniellan/.m2/repository/org/hibernate/common/hibernate-commons-annotations/6.0.6.Final/hibernate-commons-annotations-6.0.6.Final.jar:/usr/local/google/home/daniellan/.m2/repository/io/smallrye/jandex/3.1.2/jandex-3.1.2.jar:/usr/local/google/home/daniellan/.m2/repository/com/fasterxml/classmate/1.6.0/classmate-1.6.0.jar:/usr/local/google/home/daniellan/.m2/repository/org/glassfish/jaxb/jaxb-runtime/4.0.5/jaxb-runtime-4.0.5.jar:/usr/local/google/home/daniellan/.m2/repository/org/glassfish/jaxb/jaxb-core/4.0.5/jaxb-core-4.0.5.jar:/usr/local/google/home/daniellan/.m2/repository/org/eclipse/angus/angus-activation/2.0.2/angus-activation-2.0.2.jar:/usr/local/google/home/daniellan/.m2/repository/org/glassfish/jaxb/txw2/4.0.5/txw2-4.0.5.jar:/usr/local/google/home/daniellan/.m2/repository/com/sun/istack/istack-commons-runtime/4.1.2/istack-commons-runtime-4.1.2.jar:/usr/local/google/home/daniellan/.m2/repository/jakarta/inject/jakarta.inject-api/2.0.1/jakarta.inject-api-2.0.1.jar:/usr/local/google/home/daniellan/.m2/repository/org/antlr/antlr4-runtime/4.13.0/antlr4-runtime-4.13.0.jar:/usr/local/google/home/daniellan/.m2/repository/org/springframework/data/spring-data-jpa/3.2.5/spring-data-jpa-3.2.5.jar:/usr/local/google/home/daniellan/.m2/repository/org/springframework/data/spring-data-commons/3.2.5/spring-data-commons-3.2.5.jar:/usr/local/google/home/daniellan/.m2/repository/org/springframework/spring-orm/6.1.6/spring-orm-6.1.6.jar:/usr/local/google/home/daniellan/.m2/repository/org/springframework/spring-tx/6.1.6/spring-tx-6.1.6.jar:/usr/local/google/home/daniellan/.m2/repository/org/springframework/spring-aspects/6.1.6/spring-aspects-6.1.6.jar:/usr/local/google/home/daniellan/.m2/repository/com/h2database/h2/2.2.224/h2-2.2.224.jar:/usr/local/google/home/daniellan/.m2/repository/org/postgresql/postgresql/42.6.2/postgresql-42.6.2.jar:/usr/local/google/home/daniellan/.m2/repository/org/checkerframework/checker-qual/3.31.0/checker-qual-3.31.0.jar:/usr/local/google/home/daniellan/.m2/repository/javax/annotation/javax.annotation-api/1.3.2/javax.annotation-api-1.3.2.jar:/usr/local/google/home/daniellan/.m2/repository/org/springframework/boot/spring-boot-starter-test/3.2.5/spring-boot-starter-test-3.2.5.jar:/usr/local/google/home/daniellan/.m2/repository/org/springframework/boot/spring-boot-test/3.2.5/spring-boot-test-3.2.5.jar:/usr/local/google/home/daniellan/.m2/repository/org/springframework/boot/spring-boot-test-autoconfigure/3.2.5/spring-boot-test-autoconfigure-3.2.5.jar:/usr/local/google/home/daniellan/.m2/repository/com/jayway/jsonpath/json-path/2.9.0/json-path-2.9.0.jar:/usr/local/google/home/daniellan/.m2/repository/jakarta/xml/bind/jakarta.xml.bind-api/4.0.2/jakarta.xml.bind-api-4.0.2.jar:/usr/local/google/home/daniellan/.m2/repository/jakarta/activation/jakarta.activation-api/2.1.3/jakarta.activation-api-2.1.3.jar:/usr/local/google/home/daniellan/.m2/repository/net/minidev/json-smart/2.5.1/json-smart-2.5.1.jar:/usr/local/google/home/daniellan/.m2/repository/net/minidev/accessors-smart/2.5.1/accessors-smart-2.5.1.jar:/usr/local/google/home/daniellan/.m2/repository/org/ow2/asm/asm/9.6/asm-9.6.jar:/usr/local/google/home/daniellan/.m2/repository/org/awaitility/awaitility/4.2.1/awaitility-4.2.1.jar:/usr/local/google/home/daniellan/.m2/repository/org/hamcrest/hamcrest/2.2/hamcrest-2.2.jar:/usr/local/google/home/daniellan/.m2/repository/org/junit/jupiter/junit-jupiter/5.10.2/junit-jupiter-5.10.2.jar:/usr/local/google/home/daniellan/.m2/repository/org/junit/jupiter/junit-jupiter-api/5.10.2/junit-jupiter-api-5.10.2.jar:/usr/local/google/home/daniellan/.m2/repository/org/opentest4j/opentest4j/1.3.0/opentest4j-1.3.0.jar:/usr/local/google/home/daniellan/.m2/repository/org/junit/platform/junit-platform-commons/1.10.2/junit-platform-commons-1.10.2.jar:/usr/local/google/home/daniellan/.m2/repository/org/apiguardian/apiguardian-api/1.1.2/apiguardian-api-1.1.2.jar:/usr/local/google/home/daniellan/.m2/repository/org/junit/jupiter/junit-jupiter-params/5.10.2/junit-jupiter-params-5.10.2.jar:/usr/local/google/home/daniellan/.m2/repository/org/junit/jupiter/junit-jupiter-engine/5.10.2/junit-jupiter-engine-5.10.2.jar:/usr/local/google/home/daniellan/.m2/repository/org/junit/platform/junit-platform-engine/1.10.2/junit-platform-engine-1.10.2.jar:/usr/local/google/home/daniellan/.m2/repository/org/mockito/mockito-core/5.7.0/mockito-core-5.7.0.jar:/usr/local/google/home/daniellan/.m2/repository/net/bytebuddy/byte-buddy-agent/1.14.13/byte-buddy-agent-1.14.13.jar:/usr/local/google/home/daniellan/.m2/repository/org/objenesis/objenesis/3.3/objenesis-3.3.jar:/usr/local/google/home/daniellan/.m2/repository/org/mockito/mockito-junit-jupiter/5.7.0/mockito-junit-jupiter-5.7.0.jar:/usr/local/google/home/daniellan/.m2/repository/org/skyscreamer/jsonassert/1.5.1/jsonassert-1.5.1.jar:/usr/local/google/home/daniellan/.m2/repository/com/vaadin/external/google/android-json/0.0.20131108.vaadin1/android-json-0.0.20131108.vaadin1.jar:/usr/local/google/home/daniellan/.m2/repository/org/springframework/spring-core/6.1.6/spring-core-6.1.6.jar:/usr/local/google/home/daniellan/.m2/repository/org/springframework/spring-jcl/6.1.6/spring-jcl-6.1.6.jar:/usr/local/google/home/daniellan/.m2/repository/org/springframework/spring-test/6.1.6/spring-test-6.1.6.jar:/usr/local/google/home/daniellan/.m2/repository/org/xmlunit/xmlunit-core/2.9.1/xmlunit-core-2.9.1.jar:/usr/local/google/home/daniellan/.m2/repository/org/springframework/boot/spring-boot-testcontainers/3.2.5/spring-boot-testcontainers-3.2.5.jar:/usr/local/google/home/daniellan/.m2/repository/org/springframework/boot/spring-boot-autoconfigure/3.2.5/spring-boot-autoconfigure-3.2.5.jar:/usr/local/google/home/daniellan/.m2/repository/org/testcontainers/testcontainers/1.19.7/testcontainers-1.19.7.jar:/usr/local/google/home/daniellan/.m2/repository/junit/junit/4.13.2/junit-4.13.2.jar:/usr/local/google/home/daniellan/.m2/repository/org/hamcrest/hamcrest-core/2.2/hamcrest-core-2.2.jar:/usr/local/google/home/daniellan/.m2/repository/org/apache/commons/commons-compress/1.24.0/commons-compress-1.24.0.jar:/usr/local/google/home/daniellan/.m2/repository/org/rnorth/duct-tape/duct-tape/1.0.8/duct-tape-1.0.8.jar:/usr/local/google/home/daniellan/.m2/repository/org/jetbrains/annotations/17.0.0/annotations-17.0.0.jar:/usr/local/google/home/daniellan/.m2/repository/com/github/docker-java/docker-java-api/3.3.6/docker-java-api-3.3.6.jar:/usr/local/google/home/daniellan/.m2/repository/com/github/docker-java/docker-java-transport-zerodep/3.3.6/docker-java-transport-zerodep-3.3.6.jar:/usr/local/google/home/daniellan/.m2/repository/com/github/docker-java/docker-java-transport/3.3.6/docker-java-transport-3.3.6.jar:/usr/local/google/home/daniellan/.m2/repository/net/java/dev/jna/jna/5.13.0/jna-5.13.0.jar:/usr/local/google/home/daniellan/.m2/repository/org/testcontainers/junit-jupiter/1.19.7/junit-jupiter-1.19.7.jar:/usr/local/google/home/daniellan/.m2/repository/org/assertj/assertj-core/3.24.2/assertj-core-3.24.2.jar:/usr/local/google/home/daniellan/.m2/repository/net/bytebuddy/byte-buddy/1.14.13/byte-buddy-1.14.13.jar:/usr/local/google/home/daniellan/.m2/repository/org/testcontainers/postgresql/1.19.7/postgresql-1.19.7.jar:/usr/local/google/home/daniellan/.m2/repository/org/testcontainers/jdbc/1.19.7/jdbc-1.19.7.jar:/usr/local/google/home/daniellan/.m2/repository/org/testcontainers/database-commons/1.19.7/database-commons-1.19.7.jar:/usr/local/google/home/daniellan/.m2/repository/org/testcontainers/toxiproxy/1.19.7/toxiproxy-1.19.7.jar:/usr/local/google/home/daniellan/.m2/repository/eu/rekawek/toxiproxy/toxiproxy-java/2.1.7/toxiproxy-java-2.1.7.jar:/usr/local/google/home/daniellan/.m2/repository/com/google/cloud/google-cloud-vertexai/0.1.0/google-cloud-vertexai-0.1.0.jar:/usr/local/google/home/daniellan/.m2/repository/io/grpc/grpc-api/1.59.1/grpc-api-1.59.1.jar:/usr/local/google/home/daniellan/.m2/repository/com/google/code/findbugs/jsr305/3.0.2/jsr305-3.0.2.jar:/usr/local/google/home/daniellan/.m2/repository/com/google/errorprone/error_prone_annotations/2.23.0/error_prone_annotations-2.23.0.jar:/usr/local/google/home/daniellan/.m2/repository/io/grpc/grpc-stub/1.59.1/grpc-stub-1.59.1.jar:/usr/local/google/home/daniellan/.m2/repository/io/grpc/grpc-protobuf/1.59.1/grpc-protobuf-1.59.1.jar:/usr/local/google/home/daniellan/.m2/repository/io/grpc/grpc-protobuf-lite/1.59.1/grpc-protobuf-lite-1.59.1.jar:/usr/local/google/home/daniellan/.m2/repository/com/google/api/api-common/2.21.0/api-common-2.21.0.jar:/usr/local/google/home/daniellan/.m2/repository/com/google/auto/value/auto-value-annotations/1.10.4/auto-value-annotations-1.10.4.jar:/usr/local/google/home/daniellan/.m2/repository/com/google/protobuf/protobuf-java/3.25.1/protobuf-java-3.25.1.jar:/usr/local/google/home/daniellan/.m2/repository/com/google/api/grpc/proto-google-common-protos/2.29.0/proto-google-common-protos-2.29.0.jar:/usr/local/google/home/daniellan/.m2/repository/com/google/api/grpc/proto-google-cloud-vertexai-v1beta1/0.1.0/proto-google-cloud-vertexai-v1beta1-0.1.0.jar:/usr/local/google/home/daniellan/.m2/repository/com/google/guava/guava/32.1.3-jre/guava-32.1.3-jre.jar:/usr/local/google/home/daniellan/.m2/repository/com/google/guava/failureaccess/1.0.1/failureaccess-1.0.1.jar:/usr/local/google/home/daniellan/.m2/repository/com/google/guava/listenablefuture/9999.0-empty-to-avoid-conflict-with-guava/listenablefuture-9999.0-empty-to-avoid-conflict-with-guava.jar:/usr/local/google/home/daniellan/.m2/repository/com/google/j2objc/j2objc-annotations/2.8/j2objc-annotations-2.8.jar:/usr/local/google/home/daniellan/.m2/repository/com/google/api/gax/2.38.0/gax-2.38.0.jar:/usr/local/google/home/daniellan/.m2/repository/com/google/auth/google-auth-library-credentials/1.20.0/google-auth-library-credentials-1.20.0.jar:/usr/local/google/home/daniellan/.m2/repository/io/opencensus/opencensus-api/0.31.1/opencensus-api-0.31.1.jar:/usr/local/google/home/daniellan/.m2/repository/io/grpc/grpc-context/1.59.1/grpc-context-1.59.1.jar:/usr/local/google/home/daniellan/.m2/repository/com/google/auth/google-auth-library-oauth2-http/1.20.0/google-auth-library-oauth2-http-1.20.0.jar:/usr/local/google/home/daniellan/.m2/repository/com/google/api/gax-grpc/2.38.0/gax-grpc-2.38.0.jar:/usr/local/google/home/daniellan/.m2/repository/io/grpc/grpc-inprocess/1.59.1/grpc-inprocess-1.59.1.jar:/usr/local/google/home/daniellan/.m2/repository/io/grpc/grpc-core/1.59.1/grpc-core-1.59.1.jar:/usr/local/google/home/daniellan/.m2/repository/com/google/android/annotations/4.1.1.4/annotations-4.1.1.4.jar:/usr/local/google/home/daniellan/.m2/repository/org/codehaus/mojo/animal-sniffer-annotations/1.23/animal-sniffer-annotations-1.23.jar:/usr/local/google/home/daniellan/.m2/repository/io/grpc/grpc-util/1.59.1/grpc-util-1.59.1.jar:/usr/local/google/home/daniellan/.m2/repository/io/grpc/grpc-alts/1.59.1/grpc-alts-1.59.1.jar:/usr/local/google/home/daniellan/.m2/repository/io/grpc/grpc-grpclb/1.59.1/grpc-grpclb-1.59.1.jar:/usr/local/google/home/daniellan/.m2/repository/org/conscrypt/conscrypt-openjdk-uber/2.5.2/conscrypt-openjdk-uber-2.5.2.jar:/usr/local/google/home/daniellan/.m2/repository/io/grpc/grpc-auth/1.59.1/grpc-auth-1.59.1.jar:/usr/local/google/home/daniellan/.m2/repository/io/grpc/grpc-netty-shaded/1.59.1/grpc-netty-shaded-1.59.1.jar:/usr/local/google/home/daniellan/.m2/repository/io/perfmark/perfmark-api/0.26.0/perfmark-api-0.26.0.jar:/usr/local/google/home/daniellan/.m2/repository/io/grpc/grpc-googleapis/1.59.1/grpc-googleapis-1.59.1.jar:/usr/local/google/home/daniellan/.m2/repository/io/grpc/grpc-xds/1.59.1/grpc-xds-1.59.1.jar:/usr/local/google/home/daniellan/.m2/repository/io/opencensus/opencensus-proto/0.2.0/opencensus-proto-0.2.0.jar:/usr/local/google/home/daniellan/.m2/repository/io/grpc/grpc-services/1.59.1/grpc-services-1.59.1.jar:/usr/local/google/home/daniellan/.m2/repository/com/google/re2j/re2j/1.7/re2j-1.7.jar:/usr/local/google/home/daniellan/.m2/repository/com/google/api/gax-httpjson/2.38.0/gax-httpjson-2.38.0.jar:/usr/local/google/home/daniellan/.m2/repository/com/google/http-client/google-http-client/1.43.3/google-http-client-1.43.3.jar:/usr/local/google/home/daniellan/.m2/repository/org/apache/httpcomponents/httpclient/4.5.14/httpclient-4.5.14.jar:/usr/local/google/home/daniellan/.m2/repository/commons-logging/commons-logging/1.2/commons-logging-1.2.jar:/usr/local/google/home/daniellan/.m2/repository/commons-codec/commons-codec/1.16.1/commons-codec-1.16.1.jar:/usr/local/google/home/daniellan/.m2/repository/org/apache/httpcomponents/httpcore/4.4.16/httpcore-4.4.16.jar:/usr/local/google/home/daniellan/.m2/repository/io/opencensus/opencensus-contrib-http-util/0.31.1/opencensus-contrib-http-util-0.31.1.jar:/usr/local/google/home/daniellan/.m2/repository/com/google/http-client/google-http-client-gson/1.43.3/google-http-client-gson-1.43.3.jar:/usr/local/google/home/daniellan/.m2/repository/com/google/protobuf/protobuf-java-util/3.25.1/protobuf-java-util-3.25.1.jar:/usr/local/google/home/daniellan/.m2/repository/com/google/api/grpc/grpc-google-common-protos/2.29.0/grpc-google-common-protos-2.29.0.jar:/usr/local/google/home/daniellan/.m2/repository/com/google/api/grpc/proto-google-iam-v1/1.24.0/proto-google-iam-v1-1.24.0.jar:/usr/local/google/home/daniellan/.m2/repository/com/google/api/grpc/grpc-google-iam-v1/1.24.0/grpc-google-iam-v1-1.24.0.jar:/usr/local/google/home/daniellan/.m2/repository/org/threeten/threetenbp/1.6.8/threetenbp-1.6.8.jar:"/>
    <property name="sun.cpu.endian" value="little"/>
    <property name="user.home" value="/usr/local/google/home/daniellan"/>
    <property name="user.language" value="en"/>
    <property name="java.specification.vendor" value="Oracle Corporation"/>
    <property name="java.version.date" value="2024-04-16"/>
    <property name="java.home" value="/usr/local/google/home/daniellan/.sdkman/candidates/java/21.0.3-tem"/>
    <property name="file.separator" value="/"/>
    <property name="basedir" value="/usr/local/google/home/daniellan/quotes-workshop"/>
    <property name="java.vm.compressedOopsMode" value="Zero based"/>
    <property name="line.separator" value="&#10;"/>
    <property name="java.vm.specification.vendor" value="Oracle Corporation"/>
    <property name="java.specification.name" value="Java Platform API Specification"/>
    <property name="FILE_LOG_CHARSET" value="UTF-8"/>
    <property name="java.awt.headless" value="true"/>
    <property name="surefire.real.class.path" value="/usr/local/google/home/daniellan/quotes-workshop/target/surefire/surefirebooter-20240710174635396_3.jar"/>
    <property name="junit.platform.listeners.uid.tracking.enabled" value="true"/>
    <property name="sun.management.compiler" value="HotSpot 64-Bit Tiered Compilers"/>
    <property name="junit.platform.listeners.uid.tracking.output.dir" value="/usr/local/google/home/daniellan/quotes-workshop/target/test-ids"/>
    <property name="java.runtime.version" value="21.0.3+9-LTS"/>
    <property name="user.name" value="daniellan"/>
    <property name="stdout.encoding" value="UTF-8"/>
    <property name="path.separator" value=":"/>
    <property name="os.version" value="6.6.15-2rodete2-amd64"/>
    <property name="java.runtime.name" value="OpenJDK Runtime Environment"/>
    <property name="file.encoding" value="UTF-8"/>
    <property name="jnidispatch.path" value="/usr/local/google/home/daniellan/.cache/JNA/temp/jna4486954008072109267.tmp"/>
    <property name="java.vm.name" value="OpenJDK 64-Bit Server VM"/>
    <property name="jna.platform.library.path" value="/usr/lib/x86_64-linux-gnu:/lib/x86_64-linux-gnu:/usr/lib64:/lib64:/usr/lib:/lib:/lib32:/libx32:/lib/i386-linux-gnu:/usr/lib/x86_64-linux-gnu/libfakeroot:/usr/lib/x86_64-linux-gnu/fakechroot"/>
    <property name="java.vendor.version" value="Temurin-21.0.3+9"/>
    <property name="localRepository" value="/usr/local/google/home/daniellan/.m2/repository"/>
    <property name="jna.loaded" value="true"/>
    <property name="java.vendor.url.bug" value="https://github.com/adoptium/adoptium-support/issues"/>
    <property name="java.io.tmpdir" value="/tmp"/>
    <property name="java.version" value="21.0.3"/>
    <property name="user.dir" value="/usr/local/google/home/daniellan/quotes-workshop"/>
    <property name="os.arch" value="amd64"/>
    <property name="java.vm.specification.name" value="Java Virtual Machine Specification"/>
    <property name="PID" value="1698262"/>
    <property name="CONSOLE_LOG_CHARSET" value="UTF-8"/>
    <property name="native.encoding" value="UTF-8"/>
    <property name="java.library.path" value="/usr/java/packages/lib:/usr/lib64:/lib64:/lib:/usr/lib"/>
    <property name="java.vm.info" value="mixed mode, sharing"/>
    <property name="stderr.encoding" value="UTF-8"/>
    <property name="java.vendor" value="Eclipse Adoptium"/>
    <property name="java.vm.version" value="21.0.3+9-LTS"/>
    <property name="sun.io.unicode.encoding" value="UnicodeLittle"/>
    <property name="java.class.version" value="65.0"/>
  </properties>
  <testcase name="contextLoads" classname="com.example.quotes.QuotesApplicationTests" time="0.001">
    <error message="Failed to load ApplicationContext for [WebMergedContextConfiguration@6a04d2a4 testClass = com.example.quotes.QuotesApplicationTests, locations = [], classes = [com.example.quotes.QuotesApplication], contextInitializerClasses = [], activeProfiles = [], propertySourceDescriptors = [], propertySourceProperties = [&quot;org.springframework.boot.test.context.SpringBootTestContextBootstrapper=true&quot;, &quot;server.port=0&quot;], contextCustomizers = [org.springframework.boot.test.context.filter.ExcludeFilterContextCustomizer@1cd629b3, org.springframework.boot.test.json.DuplicateJsonObjectContextCustomizerFactory$DuplicateJsonObjectContextCustomizer@52815fa3, org.springframework.boot.test.mock.mockito.MockitoContextCustomizer@0, org.springframework.boot.test.web.client.TestRestTemplateContextCustomizer@a82c5f1, org.springframework.boot.test.autoconfigure.actuate.observability.ObservabilityContextCustomizerFactory$DisableObservabilityContextCustomizer@1f, org.springframework.boot.test.autoconfigure.properties.PropertyMappingContextCustomizer@0, org.springframework.boot.test.autoconfigure.web.servlet.WebDriverContextCustomizer@1e81f160, org.springframework.boot.testcontainers.service.connection.ServiceConnectionContextCustomizer@0, org.springframework.boot.test.context.SpringBootTestAnnotation@b8da0a41], resourceBasePath = &quot;src/main/webapp&quot;, contextLoader = org.springframework.boot.test.context.SpringBootContextLoader, parent = null]" type="java.lang.IllegalStateException"><![CDATA[java.lang.IllegalStateException: Failed to load ApplicationContext for [WebMergedContextConfiguration@6a04d2a4 testClass = com.example.quotes.QuotesApplicationTests, locations = [], classes = [com.example.quotes.QuotesApplication], contextInitializerClasses = [], activeProfiles = [], propertySourceDescriptors = [], propertySourceProperties = ["org.springframework.boot.test.context.SpringBootTestContextBootstrapper=true", "server.port=0"], contextCustomizers = [org.springframework.boot.test.context.filter.ExcludeFilterContextCustomizer@1cd629b3, org.springframework.boot.test.json.DuplicateJsonObjectContextCustomizerFactory$DuplicateJsonObjectContextCustomizer@52815fa3, org.springframework.boot.test.mock.mockito.MockitoContextCustomizer@0, org.springframework.boot.test.web.client.TestRestTemplateContextCustomizer@a82c5f1, org.springframework.boot.test.autoconfigure.actuate.observability.ObservabilityContextCustomizerFactory$DisableObservabilityContextCustomizer@1f, org.springframework.boot.test.autoconfigure.properties.PropertyMappingContextCustomizer@0, org.springframework.boot.test.autoconfigure.web.servlet.WebDriverContextCustomizer@1e81f160, org.springframework.boot.testcontainers.service.connection.ServiceConnectionContextCustomizer@0, org.springframework.boot.test.context.SpringBootTestAnnotation@b8da0a41], resourceBasePath = "src/main/webapp", contextLoader = org.springframework.boot.test.context.SpringBootContextLoader, parent = null]
	at org.springframework.test.context.cache.DefaultCacheAwareContextLoaderDelegate.loadContext(DefaultCacheAwareContextLoaderDelegate.java:180)
	at org.springframework.test.context.support.DefaultTestContext.getApplicationContext(DefaultTestContext.java:130)
	at org.springframework.test.context.support.DependencyInjectionTestExecutionListener.injectDependencies(DependencyInjectionTestExecutionListener.java:142)
	at org.springframework.test.context.support.DependencyInjectionTestExecutionListener.prepareTestInstance(DependencyInjectionTestExecutionListener.java:98)
	at org.springframework.test.context.TestContextManager.prepareTestInstance(TestContextManager.java:260)
	at org.springframework.test.context.junit.jupiter.SpringExtension.postProcessTestInstance(SpringExtension.java:163)
	at java.base/java.util.stream.ReferencePipeline$3$1.accept(ReferencePipeline.java:197)
	at java.base/java.util.stream.ReferencePipeline$2$1.accept(ReferencePipeline.java:179)
	at java.base/java.util.ArrayList$ArrayListSpliterator.forEachRemaining(ArrayList.java:1708)
	at java.base/java.util.stream.AbstractPipeline.copyInto(AbstractPipeline.java:509)
	at java.base/java.util.stream.AbstractPipeline.wrapAndCopyInto(AbstractPipeline.java:499)
	at java.base/java.util.stream.StreamSpliterators$WrappingSpliterator.forEachRemaining(StreamSpliterators.java:310)
	at java.base/java.util.stream.Streams$ConcatSpliterator.forEachRemaining(Streams.java:735)
	at java.base/java.util.stream.Streams$ConcatSpliterator.forEachRemaining(Streams.java:734)
	at java.base/java.util.stream.ReferencePipeline$Head.forEach(ReferencePipeline.java:762)
	at java.base/java.util.Optional.orElseGet(Optional.java:364)
	at java.base/java.util.ArrayList.forEach(ArrayList.java:1596)
	at java.base/java.util.ArrayList.forEach(ArrayList.java:1596)
Caused by: org.springframework.beans.factory.support.BeanDefinitionOverrideException: Invalid bean definition with name 'quoteRepository' defined in com.example.quotes.domain.QuoteRepository defined in @EnableJpaRepositories declared on JpaRepositoriesRegistrar.EnableJpaRepositoriesConfiguration: Cannot register bean definition [Root bean: class [org.springframework.data.jpa.repository.support.JpaRepositoryFactoryBean]; scope=; abstract=false; lazyInit=false; autowireMode=0; dependencyCheck=0; autowireCandidate=true; primary=false; factoryBeanName=null; factoryMethodName=null; initMethodNames=null; destroyMethodNames=null; defined in com.example.quotes.domain.QuoteRepository defined in @EnableJpaRepositories declared on JpaRepositoriesRegistrar.EnableJpaRepositoriesConfiguration] for bean 'quoteRepository' since there is already [Root bean: class [org.springframework.data.jpa.repository.support.JpaRepositoryFactoryBean]; scope=; abstract=false; lazyInit=false; autowireMode=0; dependencyCheck=0; autowireCandidate=true; primary=false; factoryBeanName=null; factoryMethodName=null; initMethodNames=null; destroyMethodNames=null; defined in com.example.quotes.domain.QuoteRepository defined in @EnableJpaRepositories declared on JpaRepositoriesRegistrar.EnableJpaRepositoriesConfiguration] bound.
	at org.springframework.beans.factory.support.DefaultListableBeanFactory.registerBeanDefinition(DefaultListableBeanFactory.java:1017)
	at org.springframework.data.repository.config.RepositoryConfigurationDelegate.registerRepositoriesIn(RepositoryConfigurationDelegate.java:200)
	at org.springframework.boot.autoconfigure.data.AbstractRepositoryConfigurationSourceSupport.registerBeanDefinitions(AbstractRepositoryConfigurationSourceSupport.java:62)
	at org.springframework.context.annotation.ConfigurationClassBeanDefinitionReader.lambda$loadBeanDefinitionsFromRegistrars$1(ConfigurationClassBeanDefinitionReader.java:376)
	at java.base/java.util.LinkedHashMap.forEach(LinkedHashMap.java:986)
	at org.springframework.context.annotation.ConfigurationClassBeanDefinitionReader.loadBeanDefinitionsFromRegistrars(ConfigurationClassBeanDefinitionReader.java:375)
	at org.springframework.context.annotation.ConfigurationClassBeanDefinitionReader.loadBeanDefinitionsForConfigurationClass(ConfigurationClassBeanDefinitionReader.java:148)
	at org.springframework.context.annotation.ConfigurationClassBeanDefinitionReader.loadBeanDefinitions(ConfigurationClassBeanDefinitionReader.java:120)
	at org.springframework.context.annotation.ConfigurationClassPostProcessor.processConfigBeanDefinitions(ConfigurationClassPostProcessor.java:428)
	at org.springframework.context.annotation.ConfigurationClassPostProcessor.postProcessBeanDefinitionRegistry(ConfigurationClassPostProcessor.java:289)
	at org.springframework.context.support.PostProcessorRegistrationDelegate.invokeBeanDefinitionRegistryPostProcessors(PostProcessorRegistrationDelegate.java:349)
	at org.springframework.context.support.PostProcessorRegistrationDelegate.invokeBeanFactoryPostProcessors(PostProcessorRegistrationDelegate.java:118)
	at org.springframework.context.support.AbstractApplicationContext.invokeBeanFactoryPostProcessors(AbstractApplicationContext.java:788)
	at org.springframework.context.support.AbstractApplicationContext.refresh(AbstractApplicationContext.java:606)
	at org.springframework.boot.web.servlet.context.ServletWebServerApplicationContext.refresh(ServletWebServerApplicationContext.java:146)
	at org.springframework.boot.SpringApplication.refresh(SpringApplication.java:754)
	at org.springframework.boot.SpringApplication.refreshContext(SpringApplication.java:456)
	at org.springframework.boot.SpringApplication.run(SpringApplication.java:334)
	at org.springframework.boot.test.context.SpringBootContextLoader.lambda$loadContext$3(SpringBootContextLoader.java:137)
	at org.springframework.util.function.ThrowingSupplier.get(ThrowingSupplier.java:58)
	at org.springframework.util.function.ThrowingSupplier.get(ThrowingSupplier.java:46)
	at org.springframework.boot.SpringApplication.withHook(SpringApplication.java:1454)
	at org.springframework.boot.test.context.SpringBootContextLoader$ContextLoaderHook.run(SpringBootContextLoader.java:553)
	at org.springframework.boot.test.context.SpringBootContextLoader.loadContext(SpringBootContextLoader.java:137)
	at org.springframework.boot.test.context.SpringBootContextLoader.loadContext(SpringBootContextLoader.java:108)
	at org.springframework.test.context.cache.DefaultCacheAwareContextLoaderDelegate.loadContextInternal(DefaultCacheAwareContextLoaderDelegate.java:225)
	at org.springframework.test.context.cache.DefaultCacheAwareContextLoaderDelegate.loadContext(DefaultCacheAwareContextLoaderDelegate.java:152)
	... 17 more
]]></error>
    <system-out><![CDATA[2024-07-10T17:46:49.420Z  INFO 1698262 --- [           main] t.c.s.AnnotationConfigContextLoaderUtils : Could not detect default configuration classes for test class [com.example.quotes.QuotesApplicationTests]: QuotesApplicationTests does not declare any static, non-private, non-final, nested classes annotated with @Configuration.
2024-07-10T17:46:49.426Z  INFO 1698262 --- [           main] .b.t.c.SpringBootTestContextBootstrapper : Found @SpringBootConfiguration com.example.quotes.QuotesApplication for test class com.example.quotes.QuotesApplicationTests
   ___              _              ____                  _          
  / _ \ _   _  ___ | |_ ___  ___  / ___|  ___ _ ____   _(_) ___ ___ 
 | | | | | | |/ _ \| __/ _ \/ __| \___ \ / _ \ '__\ \ / / |/ __/ _ \
 | |_| | |_| | (_) | ||  __/\__ \  ___) |  __/ |   \ V /| | (_|  __/
  \__\_\\__,_|\___/ \__\___||___/ |____/ \___|_|    \_/ |_|\___\___|
                                                                    
2024-07-10T17:46:49.472Z  WARN 1698262 --- [           main] ory$DuplicateJsonObjectContextCustomizer : 

Found multiple occurrences of org.json.JSONObject on the class path:

	jar:file:/usr/local/google/home/daniellan/.m2/repository/org/json/json/20231013/json-20231013.jar!/org/json/JSONObject.class
	jar:file:/usr/local/google/home/daniellan/.m2/repository/com/vaadin/external/google/android-json/0.0.20131108.vaadin1/android-json-0.0.20131108.vaadin1.jar!/org/json/JSONObject.class

You may wish to exclude one of them to ensure predictable runtime behavior

2024-07-10T17:46:49.474Z  INFO 1698262 --- [           main] c.example.quotes.QuotesApplicationTests  : Starting QuotesApplicationTests using Java 21.0.3 with PID 1698262 (started by daniellan in /usr/local/google/home/daniellan/quotes-workshop)
2024-07-10T17:46:49.474Z  INFO 1698262 --- [           main] c.example.quotes.QuotesApplicationTests  : No active profile set, falling back to 1 default profile: "default"
2024-07-10T17:46:49.983Z  INFO 1698262 --- [           main] .s.d.r.c.RepositoryConfigurationDelegate : Bootstrapping Spring Data JPA repositories in DEFAULT mode.
2024-07-10T17:46:50.005Z  WARN 1698262 --- [           main] ConfigServletWebServerApplicationContext : Exception encountered during context initialization - cancelling refresh attempt: org.springframework.beans.factory.support.BeanDefinitionOverrideException: Invalid bean definition with name 'quoteRepository' defined in com.example.quotes.domain.QuoteRepository defined in @EnableJpaRepositories declared on JpaRepositoriesRegistrar.EnableJpaRepositoriesConfiguration: Cannot register bean definition [Root bean: class [org.springframework.data.jpa.repository.support.JpaRepositoryFactoryBean]; scope=; abstract=false; lazyInit=false; autowireMode=0; dependencyCheck=0; autowireCandidate=true; primary=false; factoryBeanName=null; factoryMethodName=null; initMethodNames=null; destroyMethodNames=null; defined in com.example.quotes.domain.QuoteRepository defined in @EnableJpaRepositories declared on JpaRepositoriesRegistrar.EnableJpaRepositoriesConfiguration] for bean 'quoteRepository' since there is already [Root bean: class [org.springframework.data.jpa.repository.support.JpaRepositoryFactoryBean]; scope=; abstract=false; lazyInit=false; autowireMode=0; dependencyCheck=0; autowireCandidate=true; primary=false; factoryBeanName=null; factoryMethodName=null; initMethodNames=null; destroyMethodNames=null; defined in com.example.quotes.domain.QuoteRepository defined in @EnableJpaRepositories declared on JpaRepositoriesRegistrar.EnableJpaRepositoriesConfiguration] bound.
2024-07-10T17:46:50.014Z  INFO 1698262 --- [           main] .s.b.a.l.ConditionEvaluationReportLogger : 

Error starting ApplicationContext. To display the condition evaluation report re-run your application with 'debug' enabled.
2024-07-10T17:46:50.017Z ERROR 1698262 --- [           main] o.s.b.d.LoggingFailureAnalysisReporter   : 

***************************
APPLICATION FAILED TO START
***************************

Description:

The bean 'quoteRepository', defined in com.example.quotes.domain.QuoteRepository defined in @EnableJpaRepositories declared on JpaRepositoriesRegistrar.EnableJpaRepositoriesConfiguration, could not be registered. A bean with that name has already been defined in com.example.quotes.domain.QuoteRepository defined in @EnableJpaRepositories declared on JpaRepositoriesRegistrar.EnableJpaRepositoriesConfiguration and overriding is disabled.

Action:

Consider renaming one of the beans or enabling overriding by setting spring.main.allow-bean-definition-overriding=true

2024-07-10T17:46:50.018Z  WARN 1698262 --- [           main] o.s.test.context.TestContextManager      : Caught exception while allowing TestExecutionListener [org.springframework.test.context.support.DependencyInjectionTestExecutionListener] to prepare test instance [com.example.quotes.QuotesApplicationTests@35a9e665]

java.lang.IllegalStateException: Failed to load ApplicationContext for [WebMergedContextConfiguration@6a04d2a4 testClass = com.example.quotes.QuotesApplicationTests, locations = [], classes = [com.example.quotes.QuotesApplication], contextInitializerClasses = [], activeProfiles = [], propertySourceDescriptors = [], propertySourceProperties = ["org.springframework.boot.test.context.SpringBootTestContextBootstrapper=true", "server.port=0"], contextCustomizers = [org.springframework.boot.test.context.filter.ExcludeFilterContextCustomizer@1cd629b3, org.springframework.boot.test.json.DuplicateJsonObjectContextCustomizerFactory$DuplicateJsonObjectContextCustomizer@52815fa3, org.springframework.boot.test.mock.mockito.MockitoContextCustomizer@0, org.springframework.boot.test.web.client.TestRestTemplateContextCustomizer@a82c5f1, org.springframework.boot.test.autoconfigure.actuate.observability.ObservabilityContextCustomizerFactory$DisableObservabilityContextCustomizer@1f, org.springframework.boot.test.autoconfigure.properties.PropertyMappingContextCustomizer@0, org.springframework.boot.test.autoconfigure.web.servlet.WebDriverContextCustomizer@1e81f160, org.springframework.boot.testcontainers.service.connection.ServiceConnectionContextCustomizer@0, org.springframework.boot.test.context.SpringBootTestAnnotation@b8da0a41], resourceBasePath = "src/main/webapp", contextLoader = org.springframework.boot.test.context.SpringBootContextLoader, parent = null]
	at org.springframework.test.context.cache.DefaultCacheAwareContextLoaderDelegate.loadContext(DefaultCacheAwareContextLoaderDelegate.java:180) ~[spring-test-6.1.6.jar:6.1.6]
	at org.springframework.test.context.support.DefaultTestContext.getApplicationContext(DefaultTestContext.java:130) ~[spring-test-6.1.6.jar:6.1.6]
	at org.springframework.test.context.support.DependencyInjectionTestExecutionListener.injectDependencies(DependencyInjectionTestExecutionListener.java:142) ~[spring-test-6.1.6.jar:6.1.6]
	at org.springframework.test.context.support.DependencyInjectionTestExecutionListener.prepareTestInstance(DependencyInjectionTestExecutionListener.java:98) ~[spring-test-6.1.6.jar:6.1.6]
	at org.springframework.test.context.TestContextManager.prepareTestInstance(TestContextManager.java:260) ~[spring-test-6.1.6.jar:6.1.6]
	at org.springframework.test.context.junit.jupiter.SpringExtension.postProcessTestInstance(SpringExtension.java:163) ~[spring-test-6.1.6.jar:6.1.6]
	at org.junit.jupiter.engine.descriptor.ClassBasedTestDescriptor.lambda$invokeTestInstancePostProcessors$10(ClassBasedTestDescriptor.java:378) ~[junit-jupiter-engine-5.10.2.jar:5.10.2]
	at org.junit.jupiter.engine.descriptor.ClassBasedTestDescriptor.executeAndMaskThrowable(ClassBasedTestDescriptor.java:383) ~[junit-jupiter-engine-5.10.2.jar:5.10.2]
	at org.junit.jupiter.engine.descriptor.ClassBasedTestDescriptor.lambda$invokeTestInstancePostProcessors$11(ClassBasedTestDescriptor.java:378) ~[junit-jupiter-engine-5.10.2.jar:5.10.2]
	at java.base/java.util.stream.ReferencePipeline$3$1.accept(ReferencePipeline.java:197) ~[na:na]
	at java.base/java.util.stream.ReferencePipeline$2$1.accept(ReferencePipeline.java:179) ~[na:na]
	at java.base/java.util.ArrayList$ArrayListSpliterator.forEachRemaining(ArrayList.java:1708) ~[na:na]
	at java.base/java.util.stream.AbstractPipeline.copyInto(AbstractPipeline.java:509) ~[na:na]
	at java.base/java.util.stream.AbstractPipeline.wrapAndCopyInto(AbstractPipeline.java:499) ~[na:na]
	at java.base/java.util.stream.StreamSpliterators$WrappingSpliterator.forEachRemaining(StreamSpliterators.java:310) ~[na:na]
	at java.base/java.util.stream.Streams$ConcatSpliterator.forEachRemaining(Streams.java:735) ~[na:na]
	at java.base/java.util.stream.Streams$ConcatSpliterator.forEachRemaining(Streams.java:734) ~[na:na]
	at java.base/java.util.stream.ReferencePipeline$Head.forEach(ReferencePipeline.java:762) ~[na:na]
	at org.junit.jupiter.engine.descriptor.ClassBasedTestDescriptor.invokeTestInstancePostProcessors(ClassBasedTestDescriptor.java:377) ~[junit-jupiter-engine-5.10.2.jar:5.10.2]
	at org.junit.jupiter.engine.descriptor.ClassBasedTestDescriptor.lambda$instantiateAndPostProcessTestInstance$6(ClassBasedTestDescriptor.java:290) ~[junit-jupiter-engine-5.10.2.jar:5.10.2]
	at org.junit.platform.engine.support.hierarchical.ThrowableCollector.execute(ThrowableCollector.java:73) ~[junit-platform-engine-1.10.2.jar:1.10.2]
	at org.junit.jupiter.engine.descriptor.ClassBasedTestDescriptor.instantiateAndPostProcessTestInstance(ClassBasedTestDescriptor.java:289) ~[junit-jupiter-engine-5.10.2.jar:5.10.2]
	at org.junit.jupiter.engine.descriptor.ClassBasedTestDescriptor.lambda$testInstancesProvider$4(ClassBasedTestDescriptor.java:279) ~[junit-jupiter-engine-5.10.2.jar:5.10.2]
	at java.base/java.util.Optional.orElseGet(Optional.java:364) ~[na:na]
	at org.junit.jupiter.engine.descriptor.ClassBasedTestDescriptor.lambda$testInstancesProvider$5(ClassBasedTestDescriptor.java:278) ~[junit-jupiter-engine-5.10.2.jar:5.10.2]
	at org.junit.jupiter.engine.execution.TestInstancesProvider.getTestInstances(TestInstancesProvider.java:31) ~[junit-jupiter-engine-5.10.2.jar:5.10.2]
	at org.junit.jupiter.engine.descriptor.TestMethodTestDescriptor.lambda$prepare$0(TestMethodTestDescriptor.java:106) ~[junit-jupiter-engine-5.10.2.jar:5.10.2]
	at org.junit.platform.engine.support.hierarchical.ThrowableCollector.execute(ThrowableCollector.java:73) ~[junit-platform-engine-1.10.2.jar:1.10.2]
	at org.junit.jupiter.engine.descriptor.TestMethodTestDescriptor.prepare(TestMethodTestDescriptor.java:105) ~[junit-jupiter-engine-5.10.2.jar:5.10.2]
	at org.junit.jupiter.engine.descriptor.TestMethodTestDescriptor.prepare(TestMethodTestDescriptor.java:69) ~[junit-jupiter-engine-5.10.2.jar:5.10.2]
	at org.junit.platform.engine.support.hierarchical.NodeTestTask.lambda$prepare$2(NodeTestTask.java:123) ~[junit-platform-engine-1.10.2.jar:1.10.2]
	at org.junit.platform.engine.support.hierarchical.ThrowableCollector.execute(ThrowableCollector.java:73) ~[junit-platform-engine-1.10.2.jar:1.10.2]
	at org.junit.platform.engine.support.hierarchical.NodeTestTask.prepare(NodeTestTask.java:123) ~[junit-platform-engine-1.10.2.jar:1.10.2]
	at org.junit.platform.engine.support.hierarchical.NodeTestTask.execute(NodeTestTask.java:90) ~[junit-platform-engine-1.10.2.jar:1.10.2]
	at java.base/java.util.ArrayList.forEach(ArrayList.java:1596) ~[na:na]
	at org.junit.platform.engine.support.hierarchical.SameThreadHierarchicalTestExecutorService.invokeAll(SameThreadHierarchicalTestExecutorService.java:41) ~[junit-platform-engine-1.10.2.jar:1.10.2]
	at org.junit.platform.engine.support.hierarchical.NodeTestTask.lambda$executeRecursively$6(NodeTestTask.java:155) ~[junit-platform-engine-1.10.2.jar:1.10.2]
	at org.junit.platform.engine.support.hierarchical.ThrowableCollector.execute(ThrowableCollector.java:73) ~[junit-platform-engine-1.10.2.jar:1.10.2]
	at org.junit.platform.engine.support.hierarchical.NodeTestTask.lambda$executeRecursively$8(NodeTestTask.java:141) ~[junit-platform-engine-1.10.2.jar:1.10.2]
	at org.junit.platform.engine.support.hierarchical.Node.around(Node.java:137) ~[junit-platform-engine-1.10.2.jar:1.10.2]
	at org.junit.platform.engine.support.hierarchical.NodeTestTask.lambda$executeRecursively$9(NodeTestTask.java:139) ~[junit-platform-engine-1.10.2.jar:1.10.2]
	at org.junit.platform.engine.support.hierarchical.ThrowableCollector.execute(ThrowableCollector.java:73) ~[junit-platform-engine-1.10.2.jar:1.10.2]
	at org.junit.platform.engine.support.hierarchical.NodeTestTask.executeRecursively(NodeTestTask.java:138) ~[junit-platform-engine-1.10.2.jar:1.10.2]
	at org.junit.platform.engine.support.hierarchical.NodeTestTask.execute(NodeTestTask.java:95) ~[junit-platform-engine-1.10.2.jar:1.10.2]
	at java.base/java.util.ArrayList.forEach(ArrayList.java:1596) ~[na:na]
	at org.junit.platform.engine.support.hierarchical.SameThreadHierarchicalTestExecutorService.invokeAll(SameThreadHierarchicalTestExecutorService.java:41) ~[junit-platform-engine-1.10.2.jar:1.10.2]
	at org.junit.platform.engine.support.hierarchical.NodeTestTask.lambda$executeRecursively$6(NodeTestTask.java:155) ~[junit-platform-engine-1.10.2.jar:1.10.2]
	at org.junit.platform.engine.support.hierarchical.ThrowableCollector.execute(ThrowableCollector.java:73) ~[junit-platform-engine-1.10.2.jar:1.10.2]
	at org.junit.platform.engine.support.hierarchical.NodeTestTask.lambda$executeRecursively$8(NodeTestTask.java:141) ~[junit-platform-engine-1.10.2.jar:1.10.2]
	at org.junit.platform.engine.support.hierarchical.Node.around(Node.java:137) ~[junit-platform-engine-1.10.2.jar:1.10.2]
	at org.junit.platform.engine.support.hierarchical.NodeTestTask.lambda$executeRecursively$9(NodeTestTask.java:139) ~[junit-platform-engine-1.10.2.jar:1.10.2]
	at org.junit.platform.engine.support.hierarchical.ThrowableCollector.execute(ThrowableCollector.java:73) ~[junit-platform-engine-1.10.2.jar:1.10.2]
	at org.junit.platform.engine.support.hierarchical.NodeTestTask.executeRecursively(NodeTestTask.java:138) ~[junit-platform-engine-1.10.2.jar:1.10.2]
	at org.junit.platform.engine.support.hierarchical.NodeTestTask.execute(NodeTestTask.java:95) ~[junit-platform-engine-1.10.2.jar:1.10.2]
	at org.junit.platform.engine.support.hierarchical.SameThreadHierarchicalTestExecutorService.submit(SameThreadHierarchicalTestExecutorService.java:35) ~[junit-platform-engine-1.10.2.jar:1.10.2]
	at org.junit.platform.engine.support.hierarchical.HierarchicalTestExecutor.execute(HierarchicalTestExecutor.java:57) ~[junit-platform-engine-1.10.2.jar:1.10.2]
	at org.junit.platform.engine.support.hierarchical.HierarchicalTestEngine.execute(HierarchicalTestEngine.java:54) ~[junit-platform-engine-1.10.2.jar:1.10.2]
	at org.junit.platform.launcher.core.EngineExecutionOrchestrator.execute(EngineExecutionOrchestrator.java:198) ~[junit-platform-launcher-1.10.2.jar:1.10.2]
	at org.junit.platform.launcher.core.EngineExecutionOrchestrator.execute(EngineExecutionOrchestrator.java:169) ~[junit-platform-launcher-1.10.2.jar:1.10.2]
	at org.junit.platform.launcher.core.EngineExecutionOrchestrator.execute(EngineExecutionOrchestrator.java:93) ~[junit-platform-launcher-1.10.2.jar:1.10.2]
	at org.junit.platform.launcher.core.EngineExecutionOrchestrator.lambda$execute$0(EngineExecutionOrchestrator.java:58) ~[junit-platform-launcher-1.10.2.jar:1.10.2]
	at org.junit.platform.launcher.core.EngineExecutionOrchestrator.withInterceptedStreams(EngineExecutionOrchestrator.java:141) ~[junit-platform-launcher-1.10.2.jar:1.10.2]
	at org.junit.platform.launcher.core.EngineExecutionOrchestrator.execute(EngineExecutionOrchestrator.java:57) ~[junit-platform-launcher-1.10.2.jar:1.10.2]
	at org.junit.platform.launcher.core.DefaultLauncher.execute(DefaultLauncher.java:103) ~[junit-platform-launcher-1.10.2.jar:1.10.2]
	at org.junit.platform.launcher.core.DefaultLauncher.execute(DefaultLauncher.java:85) ~[junit-platform-launcher-1.10.2.jar:1.10.2]
	at org.junit.platform.launcher.core.DelegatingLauncher.execute(DelegatingLauncher.java:47) ~[junit-platform-launcher-1.10.2.jar:1.10.2]
	at org.apache.maven.surefire.junitplatform.LazyLauncher.execute(LazyLauncher.java:56) ~[surefire-junit-platform-3.1.2.jar:3.1.2]
	at org.apache.maven.surefire.junitplatform.JUnitPlatformProvider.execute(JUnitPlatformProvider.java:184) ~[surefire-junit-platform-3.1.2.jar:3.1.2]
	at org.apache.maven.surefire.junitplatform.JUnitPlatformProvider.invokeAllTests(JUnitPlatformProvider.java:148) ~[surefire-junit-platform-3.1.2.jar:3.1.2]
	at org.apache.maven.surefire.junitplatform.JUnitPlatformProvider.invoke(JUnitPlatformProvider.java:122) ~[surefire-junit-platform-3.1.2.jar:3.1.2]
	at org.apache.maven.surefire.booter.ForkedBooter.runSuitesInProcess(ForkedBooter.java:385) ~[surefire-booter-3.1.2.jar:3.1.2]
	at org.apache.maven.surefire.booter.ForkedBooter.execute(ForkedBooter.java:162) ~[surefire-booter-3.1.2.jar:3.1.2]
	at org.apache.maven.surefire.booter.ForkedBooter.run(ForkedBooter.java:507) ~[surefire-booter-3.1.2.jar:3.1.2]
	at org.apache.maven.surefire.booter.ForkedBooter.main(ForkedBooter.java:495) ~[surefire-booter-3.1.2.jar:3.1.2]
Caused by: org.springframework.beans.factory.support.BeanDefinitionOverrideException: Invalid bean definition with name 'quoteRepository' defined in com.example.quotes.domain.QuoteRepository defined in @EnableJpaRepositories declared on JpaRepositoriesRegistrar.EnableJpaRepositoriesConfiguration: Cannot register bean definition [Root bean: class [org.springframework.data.jpa.repository.support.JpaRepositoryFactoryBean]; scope=; abstract=false; lazyInit=false; autowireMode=0; dependencyCheck=0; autowireCandidate=true; primary=false; factoryBeanName=null; factoryMethodName=null; initMethodNames=null; destroyMethodNames=null; defined in com.example.quotes.domain.QuoteRepository defined in @EnableJpaRepositories declared on JpaRepositoriesRegistrar.EnableJpaRepositoriesConfiguration] for bean 'quoteRepository' since there is already [Root bean: class [org.springframework.data.jpa.repository.support.JpaRepositoryFactoryBean]; scope=; abstract=false; lazyInit=false; autowireMode=0; dependencyCheck=0; autowireCandidate=true; primary=false; factoryBeanName=null; factoryMethodName=null; initMethodNames=null; destroyMethodNames=null; defined in com.example.quotes.domain.QuoteRepository defined in @EnableJpaRepositories declared on JpaRepositoriesRegistrar.EnableJpaRepositoriesConfiguration] bound.
	at org.springframework.beans.factory.support.DefaultListableBeanFactory.registerBeanDefinition(DefaultListableBeanFactory.java:1017) ~[spring-beans-6.1.6.jar:6.1.6]
	at org.springframework.data.repository.config.RepositoryConfigurationDelegate.registerRepositoriesIn(RepositoryConfigurationDelegate.java:200) ~[spring-data-commons-3.2.5.jar:3.2.5]
	at org.springframework.boot.autoconfigure.data.AbstractRepositoryConfigurationSourceSupport.registerBeanDefinitions(AbstractRepositoryConfigurationSourceSupport.java:62) ~[spring-boot-autoconfigure-3.2.5.jar:3.2.5]
	at org.springframework.context.annotation.ConfigurationClassBeanDefinitionReader.lambda$loadBeanDefinitionsFromRegistrars$1(ConfigurationClassBeanDefinitionReader.java:376) ~[spring-context-6.1.6.jar:6.1.6]
	at java.base/java.util.LinkedHashMap.forEach(LinkedHashMap.java:986) ~[na:na]
	at org.springframework.context.annotation.ConfigurationClassBeanDefinitionReader.loadBeanDefinitionsFromRegistrars(ConfigurationClassBeanDefinitionReader.java:375) ~[spring-context-6.1.6.jar:6.1.6]
	at org.springframework.context.annotation.ConfigurationClassBeanDefinitionReader.loadBeanDefinitionsForConfigurationClass(ConfigurationClassBeanDefinitionReader.java:148) ~[spring-context-6.1.6.jar:6.1.6]
	at org.springframework.context.annotation.ConfigurationClassBeanDefinitionReader.loadBeanDefinitions(ConfigurationClassBeanDefinitionReader.java:120) ~[spring-context-6.1.6.jar:6.1.6]
	at org.springframework.context.annotation.ConfigurationClassPostProcessor.processConfigBeanDefinitions(ConfigurationClassPostProcessor.java:428) ~[spring-context-6.1.6.jar:6.1.6]
	at org.springframework.context.annotation.ConfigurationClassPostProcessor.postProcessBeanDefinitionRegistry(ConfigurationClassPostProcessor.java:289) ~[spring-context-6.1.6.jar:6.1.6]
	at org.springframework.context.support.PostProcessorRegistrationDelegate.invokeBeanDefinitionRegistryPostProcessors(PostProcessorRegistrationDelegate.java:349) ~[spring-context-6.1.6.jar:6.1.6]
	at org.springframework.context.support.PostProcessorRegistrationDelegate.invokeBeanFactoryPostProcessors(PostProcessorRegistrationDelegate.java:118) ~[spring-context-6.1.6.jar:6.1.6]
	at org.springframework.context.support.AbstractApplicationContext.invokeBeanFactoryPostProcessors(AbstractApplicationContext.java:788) ~[spring-context-6.1.6.jar:6.1.6]
	at org.springframework.context.support.AbstractApplicationContext.refresh(AbstractApplicationContext.java:606) ~[spring-context-6.1.6.jar:6.1.6]
	at org.springframework.boot.web.servlet.context.ServletWebServerApplicationContext.refresh(ServletWebServerApplicationContext.java:146) ~[spring-boot-3.2.5.jar:3.2.5]
	at org.springframework.boot.SpringApplication.refresh(SpringApplication.java:754) ~[spring-boot-3.2.5.jar:3.2.5]
	at org.springframework.boot.SpringApplication.refreshContext(SpringApplication.java:456) ~[spring-boot-3.2.5.jar:3.2.5]
	at org.springframework.boot.SpringApplication.run(SpringApplication.java:334) ~[spring-boot-3.2.5.jar:3.2.5]
	at org.springframework.boot.test.context.SpringBootContextLoader.lambda$loadContext$3(SpringBootContextLoader.java:137) ~[spring-boot-test-3.2.5.jar:3.2.5]
	at org.springframework.util.function.ThrowingSupplier.get(ThrowingSupplier.java:58) ~[spring-core-6.1.6.jar:6.1.6]
	at org.springframework.util.function.ThrowingSupplier.get(ThrowingSupplier.java:46) ~[spring-core-6.1.6.jar:6.1.6]
	at org.springframework.boot.SpringApplication.withHook(SpringApplication.java:1454) ~[spring-boot-3.2.5.jar:3.2.5]
	at org.springframework.boot.test.context.SpringBootContextLoader$ContextLoaderHook.run(SpringBootContextLoader.java:553) ~[spring-boot-test-3.2.5.jar:3.2.5]
	at org.springframework.boot.test.context.SpringBootContextLoader.loadContext(SpringBootContextLoader.java:137) ~[spring-boot-test-3.2.5.jar:3.2.5]
	at org.springframework.boot.test.context.SpringBootContextLoader.loadContext(SpringBootContextLoader.java:108) ~[spring-boot-test-3.2.5.jar:3.2.5]
	at org.springframework.test.context.cache.DefaultCacheAwareContextLoaderDelegate.loadContextInternal(DefaultCacheAwareContextLoaderDelegate.java:225) ~[spring-test-6.1.6.jar:6.1.6]
	at org.springframework.test.context.cache.DefaultCacheAwareContextLoaderDelegate.loadContext(DefaultCacheAwareContextLoaderDelegate.java:152) ~[spring-test-6.1.6.jar:6.1.6]
	... 73 common frames omitted

]]></system-out>
    <system-err><![CDATA[


============================
CONDITIONS EVALUATION REPORT
============================


Positive matches:
-----------------

    None


Negative matches:
-----------------

    None


Exclusions:
-----------

    None


Unconditional classes:
----------------------

    None



]]></system-err>
  </testcase>
</testsuite>