<?xml version="1.0" encoding="UTF-8"?>
<testsuite xmlns:xsi="http://www.w3.org/2001/XMLSchema-instance" xsi:noNamespaceSchemaLocation="https://maven.apache.org/surefire/maven-surefire-plugin/xsd/surefire-test-report-3.0.xsd" version="3.0" name="com.example.quotes.QuotesApplicationNetworkFailuresTests" time="9.692" tests="5" errors="0" skipped="0" failures="0">
  <properties>
    <property name="java.specification.version" value="21"/>
    <property name="sun.jnu.encoding" value="UTF-8"/>
    <property name="java.class.path" value="/usr/local/google/home/daniellan/quotes-workshop/target/test-classes:/usr/local/google/home/daniellan/quotes-workshop/target/classes:/usr/local/google/home/daniellan/.m2/repository/org/springframework/boot/spring-boot-starter-web/3.2.5/spring-boot-starter-web-3.2.5.jar:/usr/local/google/home/daniellan/.m2/repository/org/springframework/boot/spring-boot-starter/3.2.5/spring-boot-starter-3.2.5.jar:/usr/local/google/home/daniellan/.m2/repository/org/springframework/boot/spring-boot/3.2.5/spring-boot-3.2.5.jar:/usr/local/google/home/daniellan/.m2/repository/org/springframework/boot/spring-boot-starter-logging/3.2.5/spring-boot-starter-logging-3.2.5.jar:/usr/local/google/home/daniellan/.m2/repository/ch/qos/logback/logback-classic/1.4.14/logback-classic-1.4.14.jar:/usr/local/google/home/daniellan/.m2/repository/ch/qos/logback/logback-core/1.4.14/logback-core-1.4.14.jar:/usr/local/google/home/daniellan/.m2/repository/org/apache/logging/log4j/log4j-to-slf4j/2.21.1/log4j-to-slf4j-2.21.1.jar:/usr/local/google/home/daniellan/.m2/repository/org/apache/logging/log4j/log4j-api/2.21.1/log4j-api-2.21.1.jar:/usr/local/google/home/daniellan/.m2/repository/org/slf4j/jul-to-slf4j/2.0.13/jul-to-slf4j-2.0.13.jar:/usr/local/google/home/daniellan/.m2/repository/jakarta/annotation/jakarta.annotation-api/2.1.1/jakarta.annotation-api-2.1.1.jar:/usr/local/google/home/daniellan/.m2/repository/org/yaml/snakeyaml/2.2/snakeyaml-2.2.jar:/usr/local/google/home/daniellan/.m2/repository/org/springframework/boot/spring-boot-starter-json/3.2.5/spring-boot-starter-json-3.2.5.jar:/usr/local/google/home/daniellan/.m2/repository/com/fasterxml/jackson/core/jackson-databind/2.15.4/jackson-databind-2.15.4.jar:/usr/local/google/home/daniellan/.m2/repository/com/fasterxml/jackson/core/jackson-annotations/2.15.4/jackson-annotations-2.15.4.jar:/usr/local/google/home/daniellan/.m2/repository/com/fasterxml/jackson/datatype/jackson-datatype-jdk8/2.15.4/jackson-datatype-jdk8-2.15.4.jar:/usr/local/google/home/daniellan/.m2/repository/com/fasterxml/jackson/datatype/jackson-datatype-jsr310/2.15.4/jackson-datatype-jsr310-2.15.4.jar:/usr/local/google/home/daniellan/.m2/repository/com/fasterxml/jackson/module/jackson-module-parameter-names/2.15.4/jackson-module-parameter-names-2.15.4.jar:/usr/local/google/home/daniellan/.m2/repository/org/springframework/boot/spring-boot-starter-tomcat/3.2.5/spring-boot-starter-tomcat-3.2.5.jar:/usr/local/google/home/daniellan/.m2/repository/org/apache/tomcat/embed/tomcat-embed-core/10.1.20/tomcat-embed-core-10.1.20.jar:/usr/local/google/home/daniellan/.m2/repository/org/apache/tomcat/embed/tomcat-embed-el/10.1.20/tomcat-embed-el-10.1.20.jar:/usr/local/google/home/daniellan/.m2/repository/org/apache/tomcat/embed/tomcat-embed-websocket/10.1.20/tomcat-embed-websocket-10.1.20.jar:/usr/local/google/home/daniellan/.m2/repository/org/springframework/spring-web/6.1.6/spring-web-6.1.6.jar:/usr/local/google/home/daniellan/.m2/repository/org/springframework/spring-beans/6.1.6/spring-beans-6.1.6.jar:/usr/local/google/home/daniellan/.m2/repository/org/springframework/spring-webmvc/6.1.6/spring-webmvc-6.1.6.jar:/usr/local/google/home/daniellan/.m2/repository/org/springframework/spring-aop/6.1.6/spring-aop-6.1.6.jar:/usr/local/google/home/daniellan/.m2/repository/org/springframework/spring-context/6.1.6/spring-context-6.1.6.jar:/usr/local/google/home/daniellan/.m2/repository/org/springframework/spring-expression/6.1.6/spring-expression-6.1.6.jar:/usr/local/google/home/daniellan/.m2/repository/org/springframework/ai/spring-ai-vertex-ai-gemini-spring-boot-starter/1.0.0-SNAPSHOT/spring-ai-vertex-ai-gemini-spring-boot-starter-1.0.0-SNAPSHOT.jar:/usr/local/google/home/daniellan/.m2/repository/org/springframework/ai/spring-ai-spring-boot-autoconfigure/1.0.0-SNAPSHOT/spring-ai-spring-boot-autoconfigure-1.0.0-SNAPSHOT.jar:/usr/local/google/home/daniellan/.m2/repository/io/netty/netty-codec-http2/4.1.109.Final/netty-codec-http2-4.1.109.Final.jar:/usr/local/google/home/daniellan/.m2/repository/io/netty/netty-common/4.1.109.Final/netty-common-4.1.109.Final.jar:/usr/local/google/home/daniellan/.m2/repository/io/netty/netty-buffer/4.1.109.Final/netty-buffer-4.1.109.Final.jar:/usr/local/google/home/daniellan/.m2/repository/io/netty/netty-transport/4.1.109.Final/netty-transport-4.1.109.Final.jar:/usr/local/google/home/daniellan/.m2/repository/io/netty/netty-resolver/4.1.109.Final/netty-resolver-4.1.109.Final.jar:/usr/local/google/home/daniellan/.m2/repository/io/netty/netty-codec/4.1.109.Final/netty-codec-4.1.109.Final.jar:/usr/local/google/home/daniellan/.m2/repository/io/netty/netty-handler/4.1.109.Final/netty-handler-4.1.109.Final.jar:/usr/local/google/home/daniellan/.m2/repository/io/netty/netty-transport-native-unix-common/4.1.109.Final/netty-transport-native-unix-common-4.1.109.Final.jar:/usr/local/google/home/daniellan/.m2/repository/io/netty/netty-codec-http/4.1.109.Final/netty-codec-http-4.1.109.Final.jar:/usr/local/google/home/daniellan/.m2/repository/redis/clients/jedis/5.0.2/jedis-5.0.2.jar:/usr/local/google/home/daniellan/.m2/repository/org/apache/commons/commons-pool2/2.12.0/commons-pool2-2.12.0.jar:/usr/local/google/home/daniellan/.m2/repository/org/json/json/20231013/json-20231013.jar:/usr/local/google/home/daniellan/.m2/repository/org/springframework/ai/spring-ai-vertex-ai-gemini/1.0.0-SNAPSHOT/spring-ai-vertex-ai-gemini-1.0.0-SNAPSHOT.jar:/usr/local/google/home/daniellan/.m2/repository/org/springframework/ai/spring-ai-core/1.0.0-SNAPSHOT/spring-ai-core-1.0.0-SNAPSHOT.jar:/usr/local/google/home/daniellan/.m2/repository/io/swagger/core/v3/swagger-annotations/2.2.20/swagger-annotations-2.2.20.jar:/usr/local/google/home/daniellan/.m2/repository/com/github/victools/jsonschema-module-swagger-2/4.35.0/jsonschema-module-swagger-2-4.35.0.jar:/usr/local/google/home/daniellan/.m2/repository/org/springframework/cloud/spring-cloud-function-context/4.1.1/spring-cloud-function-context-4.1.1.jar:/usr/local/google/home/daniellan/.m2/repository/net/jodah/typetools/0.6.2/typetools-0.6.2.jar:/usr/local/google/home/daniellan/.m2/repository/org/springframework/cloud/spring-cloud-function-core/4.1.1/spring-cloud-function-core-4.1.1.jar:/usr/local/google/home/daniellan/.m2/repository/org/antlr/ST4/4.3.4/ST4-4.3.4.jar:/usr/local/google/home/daniellan/.m2/repository/org/antlr/antlr-runtime/3.5.3/antlr-runtime-3.5.3.jar:/usr/local/google/home/daniellan/.m2/repository/io/projectreactor/reactor-core/3.6.5/reactor-core-3.6.5.jar:/usr/local/google/home/daniellan/.m2/repository/org/reactivestreams/reactive-streams/1.0.4/reactive-streams-1.0.4.jar:/usr/local/google/home/daniellan/.m2/repository/org/springframework/spring-messaging/6.1.6/spring-messaging-6.1.6.jar:/usr/local/google/home/daniellan/.m2/repository/com/knuddels/jtokkit/1.0.0/jtokkit-1.0.0.jar:/usr/local/google/home/daniellan/.m2/repository/com/github/victools/jsonschema-generator/4.35.0/jsonschema-generator-4.35.0.jar:/usr/local/google/home/daniellan/.m2/repository/com/github/victools/jsonschema-module-jackson/4.35.0/jsonschema-module-jackson-4.35.0.jar:/usr/local/google/home/daniellan/.m2/repository/org/springframework/spring-context-support/6.1.6/spring-context-support-6.1.6.jar:/usr/local/google/home/daniellan/.m2/repository/org/springframework/boot/spring-boot-starter-thymeleaf/3.2.5/spring-boot-starter-thymeleaf-3.2.5.jar:/usr/local/google/home/daniellan/.m2/repository/org/thymeleaf/thymeleaf-spring6/3.1.2.RELEASE/thymeleaf-spring6-3.1.2.RELEASE.jar:/usr/local/google/home/daniellan/.m2/repository/org/thymeleaf/thymeleaf/3.1.2.RELEASE/thymeleaf-3.1.2.RELEASE.jar:/usr/local/google/home/daniellan/.m2/repository/org/attoparser/attoparser/2.0.7.RELEASE/attoparser-2.0.7.RELEASE.jar:/usr/local/google/home/daniellan/.m2/repository/org/unbescape/unbescape/1.1.6.RELEASE/unbescape-1.1.6.RELEASE.jar:/usr/local/google/home/daniellan/.m2/repository/org/slf4j/slf4j-api/2.0.13/slf4j-api-2.0.13.jar:/usr/local/google/home/daniellan/.m2/repository/org/flywaydb/flyway-core/9.22.3/flyway-core-9.22.3.jar:/usr/local/google/home/daniellan/.m2/repository/com/fasterxml/jackson/dataformat/jackson-dataformat-toml/2.15.4/jackson-dataformat-toml-2.15.4.jar:/usr/local/google/home/daniellan/.m2/repository/com/fasterxml/jackson/core/jackson-core/2.15.4/jackson-core-2.15.4.jar:/usr/local/google/home/daniellan/.m2/repository/com/google/code/gson/gson/2.10.1/gson-2.10.1.jar:/usr/local/google/home/daniellan/.m2/repository/org/springframework/boot/spring-boot-starter-actuator/3.2.5/spring-boot-starter-actuator-3.2.5.jar:/usr/local/google/home/daniellan/.m2/repository/org/springframework/boot/spring-boot-actuator-autoconfigure/3.2.5/spring-boot-actuator-autoconfigure-3.2.5.jar:/usr/local/google/home/daniellan/.m2/repository/org/springframework/boot/spring-boot-actuator/3.2.5/spring-boot-actuator-3.2.5.jar:/usr/local/google/home/daniellan/.m2/repository/io/micrometer/micrometer-observation/1.12.5/micrometer-observation-1.12.5.jar:/usr/local/google/home/daniellan/.m2/repository/io/micrometer/micrometer-commons/1.12.5/micrometer-commons-1.12.5.jar:/usr/local/google/home/daniellan/.m2/repository/io/micrometer/micrometer-jakarta9/1.12.5/micrometer-jakarta9-1.12.5.jar:/usr/local/google/home/daniellan/.m2/repository/io/micrometer/micrometer-core/1.12.5/micrometer-core-1.12.5.jar:/usr/local/google/home/daniellan/.m2/repository/org/hdrhistogram/HdrHistogram/2.1.12/HdrHistogram-2.1.12.jar:/usr/local/google/home/daniellan/.m2/repository/org/latencyutils/LatencyUtils/2.0.3/LatencyUtils-2.0.3.jar:/usr/local/google/home/daniellan/.m2/repository/org/springframework/boot/spring-boot-starter-data-jpa/3.2.5/spring-boot-starter-data-jpa-3.2.5.jar:/usr/local/google/home/daniellan/.m2/repository/org/springframework/boot/spring-boot-starter-aop/3.2.5/spring-boot-starter-aop-3.2.5.jar:/usr/local/google/home/daniellan/.m2/repository/org/aspectj/aspectjweaver/1.9.22/aspectjweaver-1.9.22.jar:/usr/local/google/home/daniellan/.m2/repository/org/springframework/boot/spring-boot-starter-jdbc/3.2.5/spring-boot-starter-jdbc-3.2.5.jar:/usr/local/google/home/daniellan/.m2/repository/com/zaxxer/HikariCP/5.0.1/HikariCP-5.0.1.jar:/usr/local/google/home/daniellan/.m2/repository/org/springframework/spring-jdbc/6.1.6/spring-jdbc-6.1.6.jar:/usr/local/google/home/daniellan/.m2/repository/org/hibernate/orm/hibernate-core/6.4.4.Final/hibernate-core-6.4.4.Final.jar:/usr/local/google/home/daniellan/.m2/repository/jakarta/persistence/jakarta.persistence-api/3.1.0/jakarta.persistence-api-3.1.0.jar:/usr/local/google/home/daniellan/.m2/repository/jakarta/transaction/jakarta.transaction-api/2.0.1/jakarta.transaction-api-2.0.1.jar:/usr/local/google/home/daniellan/.m2/repository/org/jboss/logging/jboss-logging/3.5.3.Final/jboss-logging-3.5.3.Final.jar:/usr/local/google/home/daniellan/.m2/repository/org/hibernate/common/hibernate-commons-annotations/6.0.6.Final/hibernate-commons-annotations-6.0.6.Final.jar:/usr/local/google/home/daniellan/.m2/repository/io/smallrye/jandex/3.1.2/jandex-3.1.2.jar:/usr/local/google/home/daniellan/.m2/repository/com/fasterxml/classmate/1.6.0/classmate-1.6.0.jar:/usr/local/google/home/daniellan/.m2/repository/org/glassfish/jaxb/jaxb-runtime/4.0.5/jaxb-runtime-4.0.5.jar:/usr/local/google/home/daniellan/.m2/repository/org/glassfish/jaxb/jaxb-core/4.0.5/jaxb-core-4.0.5.jar:/usr/local/google/home/daniellan/.m2/repository/org/eclipse/angus/angus-activation/2.0.2/angus-activation-2.0.2.jar:/usr/local/google/home/daniellan/.m2/repository/org/glassfish/jaxb/txw2/4.0.5/txw2-4.0.5.jar:/usr/local/google/home/daniellan/.m2/repository/com/sun/istack/istack-commons-runtime/4.1.2/istack-commons-runtime-4.1.2.jar:/usr/local/google/home/daniellan/.m2/repository/jakarta/inject/jakarta.inject-api/2.0.1/jakarta.inject-api-2.0.1.jar:/usr/local/google/home/daniellan/.m2/repository/org/antlr/antlr4-runtime/4.13.0/antlr4-runtime-4.13.0.jar:/usr/local/google/home/daniellan/.m2/repository/org/springframework/data/spring-data-jpa/3.2.5/spring-data-jpa-3.2.5.jar:/usr/local/google/home/daniellan/.m2/repository/org/springframework/data/spring-data-commons/3.2.5/spring-data-commons-3.2.5.jar:/usr/local/google/home/daniellan/.m2/repository/org/springframework/spring-orm/6.1.6/spring-orm-6.1.6.jar:/usr/local/google/home/daniellan/.m2/repository/org/springframework/spring-tx/6.1.6/spring-tx-6.1.6.jar:/usr/local/google/home/daniellan/.m2/repository/org/springframework/spring-aspects/6.1.6/spring-aspects-6.1.6.jar:/usr/local/google/home/daniellan/.m2/repository/com/h2database/h2/2.2.224/h2-2.2.224.jar:/usr/local/google/home/daniellan/.m2/repository/org/postgresql/postgresql/42.6.2/postgresql-42.6.2.jar:/usr/local/google/home/daniellan/.m2/repository/org/checkerframework/checker-qual/3.31.0/checker-qual-3.31.0.jar:/usr/local/google/home/daniellan/.m2/repository/javax/annotation/javax.annotation-api/1.3.2/javax.annotation-api-1.3.2.jar:/usr/local/google/home/daniellan/.m2/repository/org/springframework/boot/spring-boot-starter-test/3.2.5/spring-boot-starter-test-3.2.5.jar:/usr/local/google/home/daniellan/.m2/repository/org/springframework/boot/spring-boot-test/3.2.5/spring-boot-test-3.2.5.jar:/usr/local/google/home/daniellan/.m2/repository/org/springframework/boot/spring-boot-test-autoconfigure/3.2.5/spring-boot-test-autoconfigure-3.2.5.jar:/usr/local/google/home/daniellan/.m2/repository/com/jayway/jsonpath/json-path/2.9.0/json-path-2.9.0.jar:/usr/local/google/home/daniellan/.m2/repository/jakarta/xml/bind/jakarta.xml.bind-api/4.0.2/jakarta.xml.bind-api-4.0.2.jar:/usr/local/google/home/daniellan/.m2/repository/jakarta/activation/jakarta.activation-api/2.1.3/jakarta.activation-api-2.1.3.jar:/usr/local/google/home/daniellan/.m2/repository/net/minidev/json-smart/2.5.1/json-smart-2.5.1.jar:/usr/local/google/home/daniellan/.m2/repository/net/minidev/accessors-smart/2.5.1/accessors-smart-2.5.1.jar:/usr/local/google/home/daniellan/.m2/repository/org/ow2/asm/asm/9.6/asm-9.6.jar:/usr/local/google/home/daniellan/.m2/repository/org/awaitility/awaitility/4.2.1/awaitility-4.2.1.jar:/usr/local/google/home/daniellan/.m2/repository/org/hamcrest/hamcrest/2.2/hamcrest-2.2.jar:/usr/local/google/home/daniellan/.m2/repository/org/junit/jupiter/junit-jupiter/5.10.2/junit-jupiter-5.10.2.jar:/usr/local/google/home/daniellan/.m2/repository/org/junit/jupiter/junit-jupiter-api/5.10.2/junit-jupiter-api-5.10.2.jar:/usr/local/google/home/daniellan/.m2/repository/org/opentest4j/opentest4j/1.3.0/opentest4j-1.3.0.jar:/usr/local/google/home/daniellan/.m2/repository/org/junit/platform/junit-platform-commons/1.10.2/junit-platform-commons-1.10.2.jar:/usr/local/google/home/daniellan/.m2/repository/org/apiguardian/apiguardian-api/1.1.2/apiguardian-api-1.1.2.jar:/usr/local/google/home/daniellan/.m2/repository/org/junit/jupiter/junit-jupiter-params/5.10.2/junit-jupiter-params-5.10.2.jar:/usr/local/google/home/daniellan/.m2/repository/org/junit/jupiter/junit-jupiter-engine/5.10.2/junit-jupiter-engine-5.10.2.jar:/usr/local/google/home/daniellan/.m2/repository/org/junit/platform/junit-platform-engine/1.10.2/junit-platform-engine-1.10.2.jar:/usr/local/google/home/daniellan/.m2/repository/org/mockito/mockito-core/5.7.0/mockito-core-5.7.0.jar:/usr/local/google/home/daniellan/.m2/repository/net/bytebuddy/byte-buddy-agent/1.14.13/byte-buddy-agent-1.14.13.jar:/usr/local/google/home/daniellan/.m2/repository/org/objenesis/objenesis/3.3/objenesis-3.3.jar:/usr/local/google/home/daniellan/.m2/repository/org/mockito/mockito-junit-jupiter/5.7.0/mockito-junit-jupiter-5.7.0.jar:/usr/local/google/home/daniellan/.m2/repository/org/skyscreamer/jsonassert/1.5.1/jsonassert-1.5.1.jar:/usr/local/google/home/daniellan/.m2/repository/com/vaadin/external/google/android-json/0.0.20131108.vaadin1/android-json-0.0.20131108.vaadin1.jar:/usr/local/google/home/daniellan/.m2/repository/org/springframework/spring-core/6.1.6/spring-core-6.1.6.jar:/usr/local/google/home/daniellan/.m2/repository/org/springframework/spring-jcl/6.1.6/spring-jcl-6.1.6.jar:/usr/local/google/home/daniellan/.m2/repository/org/springframework/spring-test/6.1.6/spring-test-6.1.6.jar:/usr/local/google/home/daniellan/.m2/repository/org/xmlunit/xmlunit-core/2.9.1/xmlunit-core-2.9.1.jar:/usr/local/google/home/daniellan/.m2/repository/org/springframework/boot/spring-boot-testcontainers/3.2.5/spring-boot-testcontainers-3.2.5.jar:/usr/local/google/home/daniellan/.m2/repository/org/springframework/boot/spring-boot-autoconfigure/3.2.5/spring-boot-autoconfigure-3.2.5.jar:/usr/local/google/home/daniellan/.m2/repository/org/testcontainers/testcontainers/1.19.7/testcontainers-1.19.7.jar:/usr/local/google/home/daniellan/.m2/repository/junit/junit/4.13.2/junit-4.13.2.jar:/usr/local/google/home/daniellan/.m2/repository/org/hamcrest/hamcrest-core/2.2/hamcrest-core-2.2.jar:/usr/local/google/home/daniellan/.m2/repository/org/apache/commons/commons-compress/1.24.0/commons-compress-1.24.0.jar:/usr/local/google/home/daniellan/.m2/repository/org/rnorth/duct-tape/duct-tape/1.0.8/duct-tape-1.0.8.jar:/usr/local/google/home/daniellan/.m2/repository/org/jetbrains/annotations/17.0.0/annotations-17.0.0.jar:/usr/local/google/home/daniellan/.m2/repository/com/github/docker-java/docker-java-api/3.3.6/docker-java-api-3.3.6.jar:/usr/local/google/home/daniellan/.m2/repository/com/github/docker-java/docker-java-transport-zerodep/3.3.6/docker-java-transport-zerodep-3.3.6.jar:/usr/local/google/home/daniellan/.m2/repository/com/github/docker-java/docker-java-transport/3.3.6/docker-java-transport-3.3.6.jar:/usr/local/google/home/daniellan/.m2/repository/net/java/dev/jna/jna/5.13.0/jna-5.13.0.jar:/usr/local/google/home/daniellan/.m2/repository/org/testcontainers/junit-jupiter/1.19.7/junit-jupiter-1.19.7.jar:/usr/local/google/home/daniellan/.m2/repository/org/assertj/assertj-core/3.24.2/assertj-core-3.24.2.jar:/usr/local/google/home/daniellan/.m2/repository/net/bytebuddy/byte-buddy/1.14.13/byte-buddy-1.14.13.jar:/usr/local/google/home/daniellan/.m2/repository/org/testcontainers/postgresql/1.19.7/postgresql-1.19.7.jar:/usr/local/google/home/daniellan/.m2/repository/org/testcontainers/jdbc/1.19.7/jdbc-1.19.7.jar:/usr/local/google/home/daniellan/.m2/repository/org/testcontainers/database-commons/1.19.7/database-commons-1.19.7.jar:/usr/local/google/home/daniellan/.m2/repository/org/testcontainers/toxiproxy/1.19.7/toxiproxy-1.19.7.jar:/usr/local/google/home/daniellan/.m2/repository/eu/rekawek/toxiproxy/toxiproxy-java/2.1.7/toxiproxy-java-2.1.7.jar:/usr/local/google/home/daniellan/.m2/repository/com/google/cloud/google-cloud-vertexai/0.1.0/google-cloud-vertexai-0.1.0.jar:/usr/local/google/home/daniellan/.m2/repository/io/grpc/grpc-api/1.59.1/grpc-api-1.59.1.jar:/usr/local/google/home/daniellan/.m2/repository/com/google/code/findbugs/jsr305/3.0.2/jsr305-3.0.2.jar:/usr/local/google/home/daniellan/.m2/repository/com/google/errorprone/error_prone_annotations/2.23.0/error_prone_annotations-2.23.0.jar:/usr/local/google/home/daniellan/.m2/repository/io/grpc/grpc-stub/1.59.1/grpc-stub-1.59.1.jar:/usr/local/google/home/daniellan/.m2/repository/io/grpc/grpc-protobuf/1.59.1/grpc-protobuf-1.59.1.jar:/usr/local/google/home/daniellan/.m2/repository/io/grpc/grpc-protobuf-lite/1.59.1/grpc-protobuf-lite-1.59.1.jar:/usr/local/google/home/daniellan/.m2/repository/com/google/api/api-common/2.21.0/api-common-2.21.0.jar:/usr/local/google/home/daniellan/.m2/repository/com/google/auto/value/auto-value-annotations/1.10.4/auto-value-annotations-1.10.4.jar:/usr/local/google/home/daniellan/.m2/repository/com/google/protobuf/protobuf-java/3.25.1/protobuf-java-3.25.1.jar:/usr/local/google/home/daniellan/.m2/repository/com/google/api/grpc/proto-google-common-protos/2.29.0/proto-google-common-protos-2.29.0.jar:/usr/local/google/home/daniellan/.m2/repository/com/google/api/grpc/proto-google-cloud-vertexai-v1beta1/0.1.0/proto-google-cloud-vertexai-v1beta1-0.1.0.jar:/usr/local/google/home/daniellan/.m2/repository/com/google/guava/guava/32.1.3-jre/guava-32.1.3-jre.jar:/usr/local/google/home/daniellan/.m2/repository/com/google/guava/failureaccess/1.0.1/failureaccess-1.0.1.jar:/usr/local/google/home/daniellan/.m2/repository/com/google/guava/listenablefuture/9999.0-empty-to-avoid-conflict-with-guava/listenablefuture-9999.0-empty-to-avoid-conflict-with-guava.jar:/usr/local/google/home/daniellan/.m2/repository/com/google/j2objc/j2objc-annotations/2.8/j2objc-annotations-2.8.jar:/usr/local/google/home/daniellan/.m2/repository/com/google/api/gax/2.38.0/gax-2.38.0.jar:/usr/local/google/home/daniellan/.m2/repository/com/google/auth/google-auth-library-credentials/1.20.0/google-auth-library-credentials-1.20.0.jar:/usr/local/google/home/daniellan/.m2/repository/io/opencensus/opencensus-api/0.31.1/opencensus-api-0.31.1.jar:/usr/local/google/home/daniellan/.m2/repository/io/grpc/grpc-context/1.59.1/grpc-context-1.59.1.jar:/usr/local/google/home/daniellan/.m2/repository/com/google/auth/google-auth-library-oauth2-http/1.20.0/google-auth-library-oauth2-http-1.20.0.jar:/usr/local/google/home/daniellan/.m2/repository/com/google/api/gax-grpc/2.38.0/gax-grpc-2.38.0.jar:/usr/local/google/home/daniellan/.m2/repository/io/grpc/grpc-inprocess/1.59.1/grpc-inprocess-1.59.1.jar:/usr/local/google/home/daniellan/.m2/repository/io/grpc/grpc-core/1.59.1/grpc-core-1.59.1.jar:/usr/local/google/home/daniellan/.m2/repository/com/google/android/annotations/4.1.1.4/annotations-4.1.1.4.jar:/usr/local/google/home/daniellan/.m2/repository/org/codehaus/mojo/animal-sniffer-annotations/1.23/animal-sniffer-annotations-1.23.jar:/usr/local/google/home/daniellan/.m2/repository/io/grpc/grpc-util/1.59.1/grpc-util-1.59.1.jar:/usr/local/google/home/daniellan/.m2/repository/io/grpc/grpc-alts/1.59.1/grpc-alts-1.59.1.jar:/usr/local/google/home/daniellan/.m2/repository/io/grpc/grpc-grpclb/1.59.1/grpc-grpclb-1.59.1.jar:/usr/local/google/home/daniellan/.m2/repository/org/conscrypt/conscrypt-openjdk-uber/2.5.2/conscrypt-openjdk-uber-2.5.2.jar:/usr/local/google/home/daniellan/.m2/repository/io/grpc/grpc-auth/1.59.1/grpc-auth-1.59.1.jar:/usr/local/google/home/daniellan/.m2/repository/io/grpc/grpc-netty-shaded/1.59.1/grpc-netty-shaded-1.59.1.jar:/usr/local/google/home/daniellan/.m2/repository/io/perfmark/perfmark-api/0.26.0/perfmark-api-0.26.0.jar:/usr/local/google/home/daniellan/.m2/repository/io/grpc/grpc-googleapis/1.59.1/grpc-googleapis-1.59.1.jar:/usr/local/google/home/daniellan/.m2/repository/io/grpc/grpc-xds/1.59.1/grpc-xds-1.59.1.jar:/usr/local/google/home/daniellan/.m2/repository/io/opencensus/opencensus-proto/0.2.0/opencensus-proto-0.2.0.jar:/usr/local/google/home/daniellan/.m2/repository/io/grpc/grpc-services/1.59.1/grpc-services-1.59.1.jar:/usr/local/google/home/daniellan/.m2/repository/com/google/re2j/re2j/1.7/re2j-1.7.jar:/usr/local/google/home/daniellan/.m2/repository/com/google/api/gax-httpjson/2.38.0/gax-httpjson-2.38.0.jar:/usr/local/google/home/daniellan/.m2/repository/com/google/http-client/google-http-client/1.43.3/google-http-client-1.43.3.jar:/usr/local/google/home/daniellan/.m2/repository/org/apache/httpcomponents/httpclient/4.5.14/httpclient-4.5.14.jar:/usr/local/google/home/daniellan/.m2/repository/commons-logging/commons-logging/1.2/commons-logging-1.2.jar:/usr/local/google/home/daniellan/.m2/repository/commons-codec/commons-codec/1.16.1/commons-codec-1.16.1.jar:/usr/local/google/home/daniellan/.m2/repository/org/apache/httpcomponents/httpcore/4.4.16/httpcore-4.4.16.jar:/usr/local/google/home/daniellan/.m2/repository/io/opencensus/opencensus-contrib-http-util/0.31.1/opencensus-contrib-http-util-0.31.1.jar:/usr/local/google/home/daniellan/.m2/repository/com/google/http-client/google-http-client-gson/1.43.3/google-http-client-gson-1.43.3.jar:/usr/local/google/home/daniellan/.m2/repository/com/google/protobuf/protobuf-java-util/3.25.1/protobuf-java-util-3.25.1.jar:/usr/local/google/home/daniellan/.m2/repository/com/google/api/grpc/grpc-google-common-protos/2.29.0/grpc-google-common-protos-2.29.0.jar:/usr/local/google/home/daniellan/.m2/repository/com/google/api/grpc/proto-google-iam-v1/1.24.0/proto-google-iam-v1-1.24.0.jar:/usr/local/google/home/daniellan/.m2/repository/com/google/api/grpc/grpc-google-iam-v1/1.24.0/grpc-google-iam-v1-1.24.0.jar:/usr/local/google/home/daniellan/.m2/repository/org/threeten/threetenbp/1.6.8/threetenbp-1.6.8.jar:"/>
    <property name="java.vm.vendor" value="Eclipse Adoptium"/>
    <property name="sun.arch.data.model" value="64"/>
    <property name="java.vendor.url" value="https://adoptium.net/"/>
    <property name="user.timezone" value="Etc/UTC"/>
    <property name="org.jboss.logging.provider" value="slf4j"/>
    <property name="os.name" value="Linux"/>
    <property name="java.vm.specification.version" value="21"/>
    <property name="sun.java.launcher" value="SUN_STANDARD"/>
    <property name="user.country" value="US"/>
    <property name="sun.boot.library.path" value="/usr/local/google/home/daniellan/.sdkman/candidates/java/21.0.3-tem/lib"/>
    <property name="sun.java.command" value="/usr/local/google/home/daniellan/quotes-workshop/target/surefire/surefirebooter-20240710174635396_3.jar /usr/local/google/home/daniellan/quotes-workshop/target/surefire 2024-07-10T17-46-35_303-jvmRun1 surefire-20240710174635396_1tmp surefire_0-20240710174635396_2tmp"/>
    <property name="jdk.debug" value="release"/>
    <property name="surefire.test.class.path" value="/usr/local/google/home/daniellan/quotes-workshop/target/test-classes:/usr/local/google/home/daniellan/quotes-workshop/target/classes:/usr/local/google/home/daniellan/.m2/repository/org/springframework/boot/spring-boot-starter-web/3.2.5/spring-boot-starter-web-3.2.5.jar:/usr/local/google/home/daniellan/.m2/repository/org/springframework/boot/spring-boot-starter/3.2.5/spring-boot-starter-3.2.5.jar:/usr/local/google/home/daniellan/.m2/repository/org/springframework/boot/spring-boot/3.2.5/spring-boot-3.2.5.jar:/usr/local/google/home/daniellan/.m2/repository/org/springframework/boot/spring-boot-starter-logging/3.2.5/spring-boot-starter-logging-3.2.5.jar:/usr/local/google/home/daniellan/.m2/repository/ch/qos/logback/logback-classic/1.4.14/logback-classic-1.4.14.jar:/usr/local/google/home/daniellan/.m2/repository/ch/qos/logback/logback-core/1.4.14/logback-core-1.4.14.jar:/usr/local/google/home/daniellan/.m2/repository/org/apache/logging/log4j/log4j-to-slf4j/2.21.1/log4j-to-slf4j-2.21.1.jar:/usr/local/google/home/daniellan/.m2/repository/org/apache/logging/log4j/log4j-api/2.21.1/log4j-api-2.21.1.jar:/usr/local/google/home/daniellan/.m2/repository/org/slf4j/jul-to-slf4j/2.0.13/jul-to-slf4j-2.0.13.jar:/usr/local/google/home/daniellan/.m2/repository/jakarta/annotation/jakarta.annotation-api/2.1.1/jakarta.annotation-api-2.1.1.jar:/usr/local/google/home/daniellan/.m2/repository/org/yaml/snakeyaml/2.2/snakeyaml-2.2.jar:/usr/local/google/home/daniellan/.m2/repository/org/springframework/boot/spring-boot-starter-json/3.2.5/spring-boot-starter-json-3.2.5.jar:/usr/local/google/home/daniellan/.m2/repository/com/fasterxml/jackson/core/jackson-databind/2.15.4/jackson-databind-2.15.4.jar:/usr/local/google/home/daniellan/.m2/repository/com/fasterxml/jackson/core/jackson-annotations/2.15.4/jackson-annotations-2.15.4.jar:/usr/local/google/home/daniellan/.m2/repository/com/fasterxml/jackson/datatype/jackson-datatype-jdk8/2.15.4/jackson-datatype-jdk8-2.15.4.jar:/usr/local/google/home/daniellan/.m2/repository/com/fasterxml/jackson/datatype/jackson-datatype-jsr310/2.15.4/jackson-datatype-jsr310-2.15.4.jar:/usr/local/google/home/daniellan/.m2/repository/com/fasterxml/jackson/module/jackson-module-parameter-names/2.15.4/jackson-module-parameter-names-2.15.4.jar:/usr/local/google/home/daniellan/.m2/repository/org/springframework/boot/spring-boot-starter-tomcat/3.2.5/spring-boot-starter-tomcat-3.2.5.jar:/usr/local/google/home/daniellan/.m2/repository/org/apache/tomcat/embed/tomcat-embed-core/10.1.20/tomcat-embed-core-10.1.20.jar:/usr/local/google/home/daniellan/.m2/repository/org/apache/tomcat/embed/tomcat-embed-el/10.1.20/tomcat-embed-el-10.1.20.jar:/usr/local/google/home/daniellan/.m2/repository/org/apache/tomcat/embed/tomcat-embed-websocket/10.1.20/tomcat-embed-websocket-10.1.20.jar:/usr/local/google/home/daniellan/.m2/repository/org/springframework/spring-web/6.1.6/spring-web-6.1.6.jar:/usr/local/google/home/daniellan/.m2/repository/org/springframework/spring-beans/6.1.6/spring-beans-6.1.6.jar:/usr/local/google/home/daniellan/.m2/repository/org/springframework/spring-webmvc/6.1.6/spring-webmvc-6.1.6.jar:/usr/local/google/home/daniellan/.m2/repository/org/springframework/spring-aop/6.1.6/spring-aop-6.1.6.jar:/usr/local/google/home/daniellan/.m2/repository/org/springframework/spring-context/6.1.6/spring-context-6.1.6.jar:/usr/local/google/home/daniellan/.m2/repository/org/springframework/spring-expression/6.1.6/spring-expression-6.1.6.jar:/usr/local/google/home/daniellan/.m2/repository/org/springframework/ai/spring-ai-vertex-ai-gemini-spring-boot-starter/1.0.0-SNAPSHOT/spring-ai-vertex-ai-gemini-spring-boot-starter-1.0.0-SNAPSHOT.jar:/usr/local/google/home/daniellan/.m2/repository/org/springframework/ai/spring-ai-spring-boot-autoconfigure/1.0.0-SNAPSHOT/spring-ai-spring-boot-autoconfigure-1.0.0-SNAPSHOT.jar:/usr/local/google/home/daniellan/.m2/repository/io/netty/netty-codec-http2/4.1.109.Final/netty-codec-http2-4.1.109.Final.jar:/usr/local/google/home/daniellan/.m2/repository/io/netty/netty-common/4.1.109.Final/netty-common-4.1.109.Final.jar:/usr/local/google/home/daniellan/.m2/repository/io/netty/netty-buffer/4.1.109.Final/netty-buffer-4.1.109.Final.jar:/usr/local/google/home/daniellan/.m2/repository/io/netty/netty-transport/4.1.109.Final/netty-transport-4.1.109.Final.jar:/usr/local/google/home/daniellan/.m2/repository/io/netty/netty-resolver/4.1.109.Final/netty-resolver-4.1.109.Final.jar:/usr/local/google/home/daniellan/.m2/repository/io/netty/netty-codec/4.1.109.Final/netty-codec-4.1.109.Final.jar:/usr/local/google/home/daniellan/.m2/repository/io/netty/netty-handler/4.1.109.Final/netty-handler-4.1.109.Final.jar:/usr/local/google/home/daniellan/.m2/repository/io/netty/netty-transport-native-unix-common/4.1.109.Final/netty-transport-native-unix-common-4.1.109.Final.jar:/usr/local/google/home/daniellan/.m2/repository/io/netty/netty-codec-http/4.1.109.Final/netty-codec-http-4.1.109.Final.jar:/usr/local/google/home/daniellan/.m2/repository/redis/clients/jedis/5.0.2/jedis-5.0.2.jar:/usr/local/google/home/daniellan/.m2/repository/org/apache/commons/commons-pool2/2.12.0/commons-pool2-2.12.0.jar:/usr/local/google/home/daniellan/.m2/repository/org/json/json/20231013/json-20231013.jar:/usr/local/google/home/daniellan/.m2/repository/org/springframework/ai/spring-ai-vertex-ai-gemini/1.0.0-SNAPSHOT/spring-ai-vertex-ai-gemini-1.0.0-SNAPSHOT.jar:/usr/local/google/home/daniellan/.m2/repository/org/springframework/ai/spring-ai-core/1.0.0-SNAPSHOT/spring-ai-core-1.0.0-SNAPSHOT.jar:/usr/local/google/home/daniellan/.m2/repository/io/swagger/core/v3/swagger-annotations/2.2.20/swagger-annotations-2.2.20.jar:/usr/local/google/home/daniellan/.m2/repository/com/github/victools/jsonschema-module-swagger-2/4.35.0/jsonschema-module-swagger-2-4.35.0.jar:/usr/local/google/home/daniellan/.m2/repository/org/springframework/cloud/spring-cloud-function-context/4.1.1/spring-cloud-function-context-4.1.1.jar:/usr/local/google/home/daniellan/.m2/repository/net/jodah/typetools/0.6.2/typetools-0.6.2.jar:/usr/local/google/home/daniellan/.m2/repository/org/springframework/cloud/spring-cloud-function-core/4.1.1/spring-cloud-function-core-4.1.1.jar:/usr/local/google/home/daniellan/.m2/repository/org/antlr/ST4/4.3.4/ST4-4.3.4.jar:/usr/local/google/home/daniellan/.m2/repository/org/antlr/antlr-runtime/3.5.3/antlr-runtime-3.5.3.jar:/usr/local/google/home/daniellan/.m2/repository/io/projectreactor/reactor-core/3.6.5/reactor-core-3.6.5.jar:/usr/local/google/home/daniellan/.m2/repository/org/reactivestreams/reactive-streams/1.0.4/reactive-streams-1.0.4.jar:/usr/local/google/home/daniellan/.m2/repository/org/springframework/spring-messaging/6.1.6/spring-messaging-6.1.6.jar:/usr/local/google/home/daniellan/.m2/repository/com/knuddels/jtokkit/1.0.0/jtokkit-1.0.0.jar:/usr/local/google/home/daniellan/.m2/repository/com/github/victools/jsonschema-generator/4.35.0/jsonschema-generator-4.35.0.jar:/usr/local/google/home/daniellan/.m2/repository/com/github/victools/jsonschema-module-jackson/4.35.0/jsonschema-module-jackson-4.35.0.jar:/usr/local/google/home/daniellan/.m2/repository/org/springframework/spring-context-support/6.1.6/spring-context-support-6.1.6.jar:/usr/local/google/home/daniellan/.m2/repository/org/springframework/boot/spring-boot-starter-thymeleaf/3.2.5/spring-boot-starter-thymeleaf-3.2.5.jar:/usr/local/google/home/daniellan/.m2/repository/org/thymeleaf/thymeleaf-spring6/3.1.2.RELEASE/thymeleaf-spring6-3.1.2.RELEASE.jar:/usr/local/google/home/daniellan/.m2/repository/org/thymeleaf/thymeleaf/3.1.2.RELEASE/thymeleaf-3.1.2.RELEASE.jar:/usr/local/google/home/daniellan/.m2/repository/org/attoparser/attoparser/2.0.7.RELEASE/attoparser-2.0.7.RELEASE.jar:/usr/local/google/home/daniellan/.m2/repository/org/unbescape/unbescape/1.1.6.RELEASE/unbescape-1.1.6.RELEASE.jar:/usr/local/google/home/daniellan/.m2/repository/org/slf4j/slf4j-api/2.0.13/slf4j-api-2.0.13.jar:/usr/local/google/home/daniellan/.m2/repository/org/flywaydb/flyway-core/9.22.3/flyway-core-9.22.3.jar:/usr/local/google/home/daniellan/.m2/repository/com/fasterxml/jackson/dataformat/jackson-dataformat-toml/2.15.4/jackson-dataformat-toml-2.15.4.jar:/usr/local/google/home/daniellan/.m2/repository/com/fasterxml/jackson/core/jackson-core/2.15.4/jackson-core-2.15.4.jar:/usr/local/google/home/daniellan/.m2/repository/com/google/code/gson/gson/2.10.1/gson-2.10.1.jar:/usr/local/google/home/daniellan/.m2/repository/org/springframework/boot/spring-boot-starter-actuator/3.2.5/spring-boot-starter-actuator-3.2.5.jar:/usr/local/google/home/daniellan/.m2/repository/org/springframework/boot/spring-boot-actuator-autoconfigure/3.2.5/spring-boot-actuator-autoconfigure-3.2.5.jar:/usr/local/google/home/daniellan/.m2/repository/org/springframework/boot/spring-boot-actuator/3.2.5/spring-boot-actuator-3.2.5.jar:/usr/local/google/home/daniellan/.m2/repository/io/micrometer/micrometer-observation/1.12.5/micrometer-observation-1.12.5.jar:/usr/local/google/home/daniellan/.m2/repository/io/micrometer/micrometer-commons/1.12.5/micrometer-commons-1.12.5.jar:/usr/local/google/home/daniellan/.m2/repository/io/micrometer/micrometer-jakarta9/1.12.5/micrometer-jakarta9-1.12.5.jar:/usr/local/google/home/daniellan/.m2/repository/io/micrometer/micrometer-core/1.12.5/micrometer-core-1.12.5.jar:/usr/local/google/home/daniellan/.m2/repository/org/hdrhistogram/HdrHistogram/2.1.12/HdrHistogram-2.1.12.jar:/usr/local/google/home/daniellan/.m2/repository/org/latencyutils/LatencyUtils/2.0.3/LatencyUtils-2.0.3.jar:/usr/local/google/home/daniellan/.m2/repository/org/springframework/boot/spring-boot-starter-data-jpa/3.2.5/spring-boot-starter-data-jpa-3.2.5.jar:/usr/local/google/home/daniellan/.m2/repository/org/springframework/boot/spring-boot-starter-aop/3.2.5/spring-boot-starter-aop-3.2.5.jar:/usr/local/google/home/daniellan/.m2/repository/org/aspectj/aspectjweaver/1.9.22/aspectjweaver-1.9.22.jar:/usr/local/google/home/daniellan/.m2/repository/org/springframework/boot/spring-boot-starter-jdbc/3.2.5/spring-boot-starter-jdbc-3.2.5.jar:/usr/local/google/home/daniellan/.m2/repository/com/zaxxer/HikariCP/5.0.1/HikariCP-5.0.1.jar:/usr/local/google/home/daniellan/.m2/repository/org/springframework/spring-jdbc/6.1.6/spring-jdbc-6.1.6.jar:/usr/local/google/home/daniellan/.m2/repository/org/hibernate/orm/hibernate-core/6.4.4.Final/hibernate-core-6.4.4.Final.jar:/usr/local/google/home/daniellan/.m2/repository/jakarta/persistence/jakarta.persistence-api/3.1.0/jakarta.persistence-api-3.1.0.jar:/usr/local/google/home/daniellan/.m2/repository/jakarta/transaction/jakarta.transaction-api/2.0.1/jakarta.transaction-api-2.0.1.jar:/usr/local/google/home/daniellan/.m2/repository/org/jboss/logging/jboss-logging/3.5.3.Final/jboss-logging-3.5.3.Final.jar:/usr/local/google/home/daniellan/.m2/repository/org/hibernate/common/hibernate-commons-annotations/6.0.6.Final/hibernate-commons-annotations-6.0.6.Final.jar:/usr/local/google/home/daniellan/.m2/repository/io/smallrye/jandex/3.1.2/jandex-3.1.2.jar:/usr/local/google/home/daniellan/.m2/repository/com/fasterxml/classmate/1.6.0/classmate-1.6.0.jar:/usr/local/google/home/daniellan/.m2/repository/org/glassfish/jaxb/jaxb-runtime/4.0.5/jaxb-runtime-4.0.5.jar:/usr/local/google/home/daniellan/.m2/repository/org/glassfish/jaxb/jaxb-core/4.0.5/jaxb-core-4.0.5.jar:/usr/local/google/home/daniellan/.m2/repository/org/eclipse/angus/angus-activation/2.0.2/angus-activation-2.0.2.jar:/usr/local/google/home/daniellan/.m2/repository/org/glassfish/jaxb/txw2/4.0.5/txw2-4.0.5.jar:/usr/local/google/home/daniellan/.m2/repository/com/sun/istack/istack-commons-runtime/4.1.2/istack-commons-runtime-4.1.2.jar:/usr/local/google/home/daniellan/.m2/repository/jakarta/inject/jakarta.inject-api/2.0.1/jakarta.inject-api-2.0.1.jar:/usr/local/google/home/daniellan/.m2/repository/org/antlr/antlr4-runtime/4.13.0/antlr4-runtime-4.13.0.jar:/usr/local/google/home/daniellan/.m2/repository/org/springframework/data/spring-data-jpa/3.2.5/spring-data-jpa-3.2.5.jar:/usr/local/google/home/daniellan/.m2/repository/org/springframework/data/spring-data-commons/3.2.5/spring-data-commons-3.2.5.jar:/usr/local/google/home/daniellan/.m2/repository/org/springframework/spring-orm/6.1.6/spring-orm-6.1.6.jar:/usr/local/google/home/daniellan/.m2/repository/org/springframework/spring-tx/6.1.6/spring-tx-6.1.6.jar:/usr/local/google/home/daniellan/.m2/repository/org/springframework/spring-aspects/6.1.6/spring-aspects-6.1.6.jar:/usr/local/google/home/daniellan/.m2/repository/com/h2database/h2/2.2.224/h2-2.2.224.jar:/usr/local/google/home/daniellan/.m2/repository/org/postgresql/postgresql/42.6.2/postgresql-42.6.2.jar:/usr/local/google/home/daniellan/.m2/repository/org/checkerframework/checker-qual/3.31.0/checker-qual-3.31.0.jar:/usr/local/google/home/daniellan/.m2/repository/javax/annotation/javax.annotation-api/1.3.2/javax.annotation-api-1.3.2.jar:/usr/local/google/home/daniellan/.m2/repository/org/springframework/boot/spring-boot-starter-test/3.2.5/spring-boot-starter-test-3.2.5.jar:/usr/local/google/home/daniellan/.m2/repository/org/springframework/boot/spring-boot-test/3.2.5/spring-boot-test-3.2.5.jar:/usr/local/google/home/daniellan/.m2/repository/org/springframework/boot/spring-boot-test-autoconfigure/3.2.5/spring-boot-test-autoconfigure-3.2.5.jar:/usr/local/google/home/daniellan/.m2/repository/com/jayway/jsonpath/json-path/2.9.0/json-path-2.9.0.jar:/usr/local/google/home/daniellan/.m2/repository/jakarta/xml/bind/jakarta.xml.bind-api/4.0.2/jakarta.xml.bind-api-4.0.2.jar:/usr/local/google/home/daniellan/.m2/repository/jakarta/activation/jakarta.activation-api/2.1.3/jakarta.activation-api-2.1.3.jar:/usr/local/google/home/daniellan/.m2/repository/net/minidev/json-smart/2.5.1/json-smart-2.5.1.jar:/usr/local/google/home/daniellan/.m2/repository/net/minidev/accessors-smart/2.5.1/accessors-smart-2.5.1.jar:/usr/local/google/home/daniellan/.m2/repository/org/ow2/asm/asm/9.6/asm-9.6.jar:/usr/local/google/home/daniellan/.m2/repository/org/awaitility/awaitility/4.2.1/awaitility-4.2.1.jar:/usr/local/google/home/daniellan/.m2/repository/org/hamcrest/hamcrest/2.2/hamcrest-2.2.jar:/usr/local/google/home/daniellan/.m2/repository/org/junit/jupiter/junit-jupiter/5.10.2/junit-jupiter-5.10.2.jar:/usr/local/google/home/daniellan/.m2/repository/org/junit/jupiter/junit-jupiter-api/5.10.2/junit-jupiter-api-5.10.2.jar:/usr/local/google/home/daniellan/.m2/repository/org/opentest4j/opentest4j/1.3.0/opentest4j-1.3.0.jar:/usr/local/google/home/daniellan/.m2/repository/org/junit/platform/junit-platform-commons/1.10.2/junit-platform-commons-1.10.2.jar:/usr/local/google/home/daniellan/.m2/repository/org/apiguardian/apiguardian-api/1.1.2/apiguardian-api-1.1.2.jar:/usr/local/google/home/daniellan/.m2/repository/org/junit/jupiter/junit-jupiter-params/5.10.2/junit-jupiter-params-5.10.2.jar:/usr/local/google/home/daniellan/.m2/repository/org/junit/jupiter/junit-jupiter-engine/5.10.2/junit-jupiter-engine-5.10.2.jar:/usr/local/google/home/daniellan/.m2/repository/org/junit/platform/junit-platform-engine/1.10.2/junit-platform-engine-1.10.2.jar:/usr/local/google/home/daniellan/.m2/repository/org/mockito/mockito-core/5.7.0/mockito-core-5.7.0.jar:/usr/local/google/home/daniellan/.m2/repository/net/bytebuddy/byte-buddy-agent/1.14.13/byte-buddy-agent-1.14.13.jar:/usr/local/google/home/daniellan/.m2/repository/org/objenesis/objenesis/3.3/objenesis-3.3.jar:/usr/local/google/home/daniellan/.m2/repository/org/mockito/mockito-junit-jupiter/5.7.0/mockito-junit-jupiter-5.7.0.jar:/usr/local/google/home/daniellan/.m2/repository/org/skyscreamer/jsonassert/1.5.1/jsonassert-1.5.1.jar:/usr/local/google/home/daniellan/.m2/repository/com/vaadin/external/google/android-json/0.0.20131108.vaadin1/android-json-0.0.20131108.vaadin1.jar:/usr/local/google/home/daniellan/.m2/repository/org/springframework/spring-core/6.1.6/spring-core-6.1.6.jar:/usr/local/google/home/daniellan/.m2/repository/org/springframework/spring-jcl/6.1.6/spring-jcl-6.1.6.jar:/usr/local/google/home/daniellan/.m2/repository/org/springframework/spring-test/6.1.6/spring-test-6.1.6.jar:/usr/local/google/home/daniellan/.m2/repository/org/xmlunit/xmlunit-core/2.9.1/xmlunit-core-2.9.1.jar:/usr/local/google/home/daniellan/.m2/repository/org/springframework/boot/spring-boot-testcontainers/3.2.5/spring-boot-testcontainers-3.2.5.jar:/usr/local/google/home/daniellan/.m2/repository/org/springframework/boot/spring-boot-autoconfigure/3.2.5/spring-boot-autoconfigure-3.2.5.jar:/usr/local/google/home/daniellan/.m2/repository/org/testcontainers/testcontainers/1.19.7/testcontainers-1.19.7.jar:/usr/local/google/home/daniellan/.m2/repository/junit/junit/4.13.2/junit-4.13.2.jar:/usr/local/google/home/daniellan/.m2/repository/org/hamcrest/hamcrest-core/2.2/hamcrest-core-2.2.jar:/usr/local/google/home/daniellan/.m2/repository/org/apache/commons/commons-compress/1.24.0/commons-compress-1.24.0.jar:/usr/local/google/home/daniellan/.m2/repository/org/rnorth/duct-tape/duct-tape/1.0.8/duct-tape-1.0.8.jar:/usr/local/google/home/daniellan/.m2/repository/org/jetbrains/annotations/17.0.0/annotations-17.0.0.jar:/usr/local/google/home/daniellan/.m2/repository/com/github/docker-java/docker-java-api/3.3.6/docker-java-api-3.3.6.jar:/usr/local/google/home/daniellan/.m2/repository/com/github/docker-java/docker-java-transport-zerodep/3.3.6/docker-java-transport-zerodep-3.3.6.jar:/usr/local/google/home/daniellan/.m2/repository/com/github/docker-java/docker-java-transport/3.3.6/docker-java-transport-3.3.6.jar:/usr/local/google/home/daniellan/.m2/repository/net/java/dev/jna/jna/5.13.0/jna-5.13.0.jar:/usr/local/google/home/daniellan/.m2/repository/org/testcontainers/junit-jupiter/1.19.7/junit-jupiter-1.19.7.jar:/usr/local/google/home/daniellan/.m2/repository/org/assertj/assertj-core/3.24.2/assertj-core-3.24.2.jar:/usr/local/google/home/daniellan/.m2/repository/net/bytebuddy/byte-buddy/1.14.13/byte-buddy-1.14.13.jar:/usr/local/google/home/daniellan/.m2/repository/org/testcontainers/postgresql/1.19.7/postgresql-1.19.7.jar:/usr/local/google/home/daniellan/.m2/repository/org/testcontainers/jdbc/1.19.7/jdbc-1.19.7.jar:/usr/local/google/home/daniellan/.m2/repository/org/testcontainers/database-commons/1.19.7/database-commons-1.19.7.jar:/usr/local/google/home/daniellan/.m2/repository/org/testcontainers/toxiproxy/1.19.7/toxiproxy-1.19.7.jar:/usr/local/google/home/daniellan/.m2/repository/eu/rekawek/toxiproxy/toxiproxy-java/2.1.7/toxiproxy-java-2.1.7.jar:/usr/local/google/home/daniellan/.m2/repository/com/google/cloud/google-cloud-vertexai/0.1.0/google-cloud-vertexai-0.1.0.jar:/usr/local/google/home/daniellan/.m2/repository/io/grpc/grpc-api/1.59.1/grpc-api-1.59.1.jar:/usr/local/google/home/daniellan/.m2/repository/com/google/code/findbugs/jsr305/3.0.2/jsr305-3.0.2.jar:/usr/local/google/home/daniellan/.m2/repository/com/google/errorprone/error_prone_annotations/2.23.0/error_prone_annotations-2.23.0.jar:/usr/local/google/home/daniellan/.m2/repository/io/grpc/grpc-stub/1.59.1/grpc-stub-1.59.1.jar:/usr/local/google/home/daniellan/.m2/repository/io/grpc/grpc-protobuf/1.59.1/grpc-protobuf-1.59.1.jar:/usr/local/google/home/daniellan/.m2/repository/io/grpc/grpc-protobuf-lite/1.59.1/grpc-protobuf-lite-1.59.1.jar:/usr/local/google/home/daniellan/.m2/repository/com/google/api/api-common/2.21.0/api-common-2.21.0.jar:/usr/local/google/home/daniellan/.m2/repository/com/google/auto/value/auto-value-annotations/1.10.4/auto-value-annotations-1.10.4.jar:/usr/local/google/home/daniellan/.m2/repository/com/google/protobuf/protobuf-java/3.25.1/protobuf-java-3.25.1.jar:/usr/local/google/home/daniellan/.m2/repository/com/google/api/grpc/proto-google-common-protos/2.29.0/proto-google-common-protos-2.29.0.jar:/usr/local/google/home/daniellan/.m2/repository/com/google/api/grpc/proto-google-cloud-vertexai-v1beta1/0.1.0/proto-google-cloud-vertexai-v1beta1-0.1.0.jar:/usr/local/google/home/daniellan/.m2/repository/com/google/guava/guava/32.1.3-jre/guava-32.1.3-jre.jar:/usr/local/google/home/daniellan/.m2/repository/com/google/guava/failureaccess/1.0.1/failureaccess-1.0.1.jar:/usr/local/google/home/daniellan/.m2/repository/com/google/guava/listenablefuture/9999.0-empty-to-avoid-conflict-with-guava/listenablefuture-9999.0-empty-to-avoid-conflict-with-guava.jar:/usr/local/google/home/daniellan/.m2/repository/com/google/j2objc/j2objc-annotations/2.8/j2objc-annotations-2.8.jar:/usr/local/google/home/daniellan/.m2/repository/com/google/api/gax/2.38.0/gax-2.38.0.jar:/usr/local/google/home/daniellan/.m2/repository/com/google/auth/google-auth-library-credentials/1.20.0/google-auth-library-credentials-1.20.0.jar:/usr/local/google/home/daniellan/.m2/repository/io/opencensus/opencensus-api/0.31.1/opencensus-api-0.31.1.jar:/usr/local/google/home/daniellan/.m2/repository/io/grpc/grpc-context/1.59.1/grpc-context-1.59.1.jar:/usr/local/google/home/daniellan/.m2/repository/com/google/auth/google-auth-library-oauth2-http/1.20.0/google-auth-library-oauth2-http-1.20.0.jar:/usr/local/google/home/daniellan/.m2/repository/com/google/api/gax-grpc/2.38.0/gax-grpc-2.38.0.jar:/usr/local/google/home/daniellan/.m2/repository/io/grpc/grpc-inprocess/1.59.1/grpc-inprocess-1.59.1.jar:/usr/local/google/home/daniellan/.m2/repository/io/grpc/grpc-core/1.59.1/grpc-core-1.59.1.jar:/usr/local/google/home/daniellan/.m2/repository/com/google/android/annotations/4.1.1.4/annotations-4.1.1.4.jar:/usr/local/google/home/daniellan/.m2/repository/org/codehaus/mojo/animal-sniffer-annotations/1.23/animal-sniffer-annotations-1.23.jar:/usr/local/google/home/daniellan/.m2/repository/io/grpc/grpc-util/1.59.1/grpc-util-1.59.1.jar:/usr/local/google/home/daniellan/.m2/repository/io/grpc/grpc-alts/1.59.1/grpc-alts-1.59.1.jar:/usr/local/google/home/daniellan/.m2/repository/io/grpc/grpc-grpclb/1.59.1/grpc-grpclb-1.59.1.jar:/usr/local/google/home/daniellan/.m2/repository/org/conscrypt/conscrypt-openjdk-uber/2.5.2/conscrypt-openjdk-uber-2.5.2.jar:/usr/local/google/home/daniellan/.m2/repository/io/grpc/grpc-auth/1.59.1/grpc-auth-1.59.1.jar:/usr/local/google/home/daniellan/.m2/repository/io/grpc/grpc-netty-shaded/1.59.1/grpc-netty-shaded-1.59.1.jar:/usr/local/google/home/daniellan/.m2/repository/io/perfmark/perfmark-api/0.26.0/perfmark-api-0.26.0.jar:/usr/local/google/home/daniellan/.m2/repository/io/grpc/grpc-googleapis/1.59.1/grpc-googleapis-1.59.1.jar:/usr/local/google/home/daniellan/.m2/repository/io/grpc/grpc-xds/1.59.1/grpc-xds-1.59.1.jar:/usr/local/google/home/daniellan/.m2/repository/io/opencensus/opencensus-proto/0.2.0/opencensus-proto-0.2.0.jar:/usr/local/google/home/daniellan/.m2/repository/io/grpc/grpc-services/1.59.1/grpc-services-1.59.1.jar:/usr/local/google/home/daniellan/.m2/repository/com/google/re2j/re2j/1.7/re2j-1.7.jar:/usr/local/google/home/daniellan/.m2/repository/com/google/api/gax-httpjson/2.38.0/gax-httpjson-2.38.0.jar:/usr/local/google/home/daniellan/.m2/repository/com/google/http-client/google-http-client/1.43.3/google-http-client-1.43.3.jar:/usr/local/google/home/daniellan/.m2/repository/org/apache/httpcomponents/httpclient/4.5.14/httpclient-4.5.14.jar:/usr/local/google/home/daniellan/.m2/repository/commons-logging/commons-logging/1.2/commons-logging-1.2.jar:/usr/local/google/home/daniellan/.m2/repository/commons-codec/commons-codec/1.16.1/commons-codec-1.16.1.jar:/usr/local/google/home/daniellan/.m2/repository/org/apache/httpcomponents/httpcore/4.4.16/httpcore-4.4.16.jar:/usr/local/google/home/daniellan/.m2/repository/io/opencensus/opencensus-contrib-http-util/0.31.1/opencensus-contrib-http-util-0.31.1.jar:/usr/local/google/home/daniellan/.m2/repository/com/google/http-client/google-http-client-gson/1.43.3/google-http-client-gson-1.43.3.jar:/usr/local/google/home/daniellan/.m2/repository/com/google/protobuf/protobuf-java-util/3.25.1/protobuf-java-util-3.25.1.jar:/usr/local/google/home/daniellan/.m2/repository/com/google/api/grpc/grpc-google-common-protos/2.29.0/grpc-google-common-protos-2.29.0.jar:/usr/local/google/home/daniellan/.m2/repository/com/google/api/grpc/proto-google-iam-v1/1.24.0/proto-google-iam-v1-1.24.0.jar:/usr/local/google/home/daniellan/.m2/repository/com/google/api/grpc/grpc-google-iam-v1/1.24.0/grpc-google-iam-v1-1.24.0.jar:/usr/local/google/home/daniellan/.m2/repository/org/threeten/threetenbp/1.6.8/threetenbp-1.6.8.jar:"/>
    <property name="sun.cpu.endian" value="little"/>
    <property name="user.home" value="/usr/local/google/home/daniellan"/>
    <property name="user.language" value="en"/>
    <property name="java.specification.vendor" value="Oracle Corporation"/>
    <property name="java.version.date" value="2024-04-16"/>
    <property name="java.home" value="/usr/local/google/home/daniellan/.sdkman/candidates/java/21.0.3-tem"/>
    <property name="file.separator" value="/"/>
    <property name="basedir" value="/usr/local/google/home/daniellan/quotes-workshop"/>
    <property name="java.vm.compressedOopsMode" value="Zero based"/>
    <property name="line.separator" value="&#10;"/>
    <property name="java.vm.specification.vendor" value="Oracle Corporation"/>
    <property name="java.specification.name" value="Java Platform API Specification"/>
    <property name="FILE_LOG_CHARSET" value="UTF-8"/>
    <property name="java.awt.headless" value="true"/>
    <property name="surefire.real.class.path" value="/usr/local/google/home/daniellan/quotes-workshop/target/surefire/surefirebooter-20240710174635396_3.jar"/>
    <property name="junit.platform.listeners.uid.tracking.enabled" value="true"/>
    <property name="sun.management.compiler" value="HotSpot 64-Bit Tiered Compilers"/>
    <property name="junit.platform.listeners.uid.tracking.output.dir" value="/usr/local/google/home/daniellan/quotes-workshop/target/test-ids"/>
    <property name="java.runtime.version" value="21.0.3+9-LTS"/>
    <property name="user.name" value="daniellan"/>
    <property name="stdout.encoding" value="UTF-8"/>
    <property name="path.separator" value=":"/>
    <property name="os.version" value="6.6.15-2rodete2-amd64"/>
    <property name="java.runtime.name" value="OpenJDK Runtime Environment"/>
    <property name="file.encoding" value="UTF-8"/>
    <property name="jnidispatch.path" value="/usr/local/google/home/daniellan/.cache/JNA/temp/jna4486954008072109267.tmp"/>
    <property name="java.vm.name" value="OpenJDK 64-Bit Server VM"/>
    <property name="jna.platform.library.path" value="/usr/lib/x86_64-linux-gnu:/lib/x86_64-linux-gnu:/usr/lib64:/lib64:/usr/lib:/lib:/lib32:/libx32:/lib/i386-linux-gnu:/usr/lib/x86_64-linux-gnu/libfakeroot:/usr/lib/x86_64-linux-gnu/fakechroot"/>
    <property name="java.vendor.version" value="Temurin-21.0.3+9"/>
    <property name="localRepository" value="/usr/local/google/home/daniellan/.m2/repository"/>
    <property name="jna.loaded" value="true"/>
    <property name="java.vendor.url.bug" value="https://github.com/adoptium/adoptium-support/issues"/>
    <property name="java.io.tmpdir" value="/tmp"/>
    <property name="com.zaxxer.hikari.pool_number" value="2"/>
    <property name="java.version" value="21.0.3"/>
    <property name="user.dir" value="/usr/local/google/home/daniellan/quotes-workshop"/>
    <property name="os.arch" value="amd64"/>
    <property name="java.vm.specification.name" value="Java Virtual Machine Specification"/>
    <property name="PID" value="1698262"/>
    <property name="CONSOLE_LOG_CHARSET" value="UTF-8"/>
    <property name="native.encoding" value="UTF-8"/>
    <property name="java.library.path" value="/usr/java/packages/lib:/usr/lib64:/lib64:/lib:/usr/lib"/>
    <property name="java.vm.info" value="mixed mode, sharing"/>
    <property name="stderr.encoding" value="UTF-8"/>
    <property name="java.vendor" value="Eclipse Adoptium"/>
    <property name="java.vm.version" value="21.0.3+9-LTS"/>
    <property name="sun.io.unicode.encoding" value="UnicodeLittle"/>
    <property name="java.class.version" value="65.0"/>
  </properties>
  <testcase name="withLatencyWithRetries" classname="com.example.quotes.QuotesApplicationNetworkFailuresTests" time="0.038">
    <system-out><![CDATA[2024-07-10T17:46:56.821Z  INFO 1698262 --- [           main] tc.ghcr.io/shopify/toxiproxy:2.5.0       : Pulling docker image: ghcr.io/shopify/toxiproxy:2.5.0. Please be patient; this may take some time but only needs to be done once.
2024-07-10T17:46:56.821Z  INFO 1698262 --- [           main] o.t.utility.RegistryAuthLocator          : Failure when attempting to lookup auth config. Please ignore if you don't have images in an authenticated registry. Details: (dockerImageName: ghcr.io/shopify/toxiproxy:latest, configFile: /usr/local/google/home/daniellan/.docker/config.json, configEnv: DOCKER_AUTH_CONFIG). Falling back to docker-java default behaviour. Exception message: Status 404: No config supplied. Checked in order: /usr/local/google/home/daniellan/.docker/config.json (file not found), DOCKER_AUTH_CONFIG (not set)
2024-07-10T17:46:57.130Z  INFO 1698262 --- [ream-1934447563] tc.ghcr.io/shopify/toxiproxy:2.5.0       : Starting to pull image
2024-07-10T17:46:57.131Z  INFO 1698262 --- [ream-1934447563] tc.ghcr.io/shopify/toxiproxy:2.5.0       : Pulling image layers:  0 pending,  0 downloaded,  0 extracted, (0 bytes/0 bytes)
2024-07-10T17:46:57.519Z  INFO 1698262 --- [ream-1934447563] tc.ghcr.io/shopify/toxiproxy:2.5.0       : Pulling image layers:  1 pending,  1 downloaded,  0 extracted, (70 KB/? MB)
2024-07-10T17:46:57.639Z  INFO 1698262 --- [ream-1934447563] tc.ghcr.io/shopify/toxiproxy:2.5.0       : Pulling image layers:  1 pending,  1 downloaded,  1 extracted, (3 MB/? MB)
2024-07-10T17:46:57.764Z  INFO 1698262 --- [ream-1934447563] tc.ghcr.io/shopify/toxiproxy:2.5.0       : Pulling image layers:  1 pending,  1 downloaded,  2 extracted, (6 MB/? MB)
2024-07-10T17:46:57.789Z  INFO 1698262 --- [           main] tc.ghcr.io/shopify/toxiproxy:2.5.0       : Image ghcr.io/shopify/toxiproxy:2.5.0 pull took PT0.967889527S
2024-07-10T17:46:57.793Z  INFO 1698262 --- [           main] tc.ghcr.io/shopify/toxiproxy:2.5.0       : Creating container for image: ghcr.io/shopify/toxiproxy:2.5.0
2024-07-10T17:46:57.989Z  INFO 1698262 --- [           main] tc.ghcr.io/shopify/toxiproxy:2.5.0       : Container ghcr.io/shopify/toxiproxy:2.5.0 is starting: 6f0bdd1d4f386f7511c648002ae87d08b35c5ce814ad6b70901a0e8223781f07
2024-07-10T17:46:59.327Z  INFO 1698262 --- [           main] o.t.c.wait.strategy.HttpWaitStrategy     : /epic_franklin: Waiting for 60 seconds for URL: http://localhost:49188/version (where port 49188 maps to container port 8474)
2024-07-10T17:46:59.341Z  INFO 1698262 --- [           main] tc.ghcr.io/shopify/toxiproxy:2.5.0       : Container ghcr.io/shopify/toxiproxy:2.5.0 started in PT1.548465438S
2024-07-10T17:46:59.364Z  INFO 1698262 --- [           main] tc.postgres:15.3-alpine                  : Creating container for image: postgres:15.3-alpine
2024-07-10T17:46:59.435Z  INFO 1698262 --- [           main] tc.postgres:15.3-alpine                  : Container postgres:15.3-alpine is starting: 01ae1a5ecebe5284914cb40cbad36cb2adb1724c745f090a333934240719f66a
2024-07-10T17:47:01.907Z  INFO 1698262 --- [           main] tc.postgres:15.3-alpine                  : Container postgres:15.3-alpine started in PT2.542870633S
2024-07-10T17:47:01.908Z  INFO 1698262 --- [           main] tc.postgres:15.3-alpine                  : Container is started (JDBC URL: jdbc:postgresql://localhost:49189/test?loggerLevel=OFF)
2024-07-10T17:47:01.910Z  INFO 1698262 --- [           main] t.c.s.AnnotationConfigContextLoaderUtils : Could not detect default configuration classes for test class [com.example.quotes.QuotesApplicationNetworkFailuresTests]: QuotesApplicationNetworkFailuresTests does not declare any static, non-private, non-final, nested classes annotated with @Configuration.
2024-07-10T17:47:01.925Z  INFO 1698262 --- [           main] .b.t.c.SpringBootTestContextBootstrapper : Found @SpringBootConfiguration com.example.quotes.QuotesApplication for test class com.example.quotes.QuotesApplicationNetworkFailuresTests
   ___              _              ____                  _          
  / _ \ _   _  ___ | |_ ___  ___  / ___|  ___ _ ____   _(_) ___ ___ 
 | | | | | | |/ _ \| __/ _ \/ __| \___ \ / _ \ '__\ \ / / |/ __/ _ \
 | |_| | |_| | (_) | ||  __/\__ \  ___) |  __/ |   \ V /| | (_|  __/
  \__\_\\__,_|\___/ \__\___||___/ |____/ \___|_|    \_/ |_|\___\___|
                                                                    
2024-07-10T17:47:01.950Z  WARN 1698262 --- [           main] ory$DuplicateJsonObjectContextCustomizer : 

Found multiple occurrences of org.json.JSONObject on the class path:

	jar:file:/usr/local/google/home/daniellan/.m2/repository/org/json/json/20231013/json-20231013.jar!/org/json/JSONObject.class
	jar:file:/usr/local/google/home/daniellan/.m2/repository/com/vaadin/external/google/android-json/0.0.20131108.vaadin1/android-json-0.0.20131108.vaadin1.jar!/org/json/JSONObject.class

You may wish to exclude one of them to ensure predictable runtime behavior

2024-07-10T17:47:01.970Z  INFO 1698262 --- [           main] .q.QuotesApplicationNetworkFailuresTests : Starting QuotesApplicationNetworkFailuresTests using Java 21.0.3 with PID 1698262 (started by daniellan in /usr/local/google/home/daniellan/quotes-workshop)
2024-07-10T17:47:01.970Z  INFO 1698262 --- [           main] .q.QuotesApplicationNetworkFailuresTests : No active profile set, falling back to 1 default profile: "default"
2024-07-10T17:47:02.048Z  INFO 1698262 --- [           main] .s.d.r.c.RepositoryConfigurationDelegate : Bootstrapping Spring Data JPA repositories in DEFAULT mode.
2024-07-10T17:47:02.056Z  INFO 1698262 --- [           main] .s.d.r.c.RepositoryConfigurationDelegate : Finished Spring Data repository scanning in 7 ms. Found 1 JPA repository interface.
2024-07-10T17:47:02.211Z  INFO 1698262 --- [           main] org.flywaydb.core.FlywayExecutor         : Database: jdbc:postgresql://localhost:49189/test (PostgreSQL 15.3)
2024-07-10T17:47:02.234Z  INFO 1698262 --- [           main] o.f.c.i.s.JdbcTableSchemaHistory         : Schema history table "public"."flyway_schema_history" does not exist yet
2024-07-10T17:47:02.237Z  INFO 1698262 --- [           main] o.f.core.internal.command.DbValidate     : Successfully validated 2 migrations (execution time 00:00.009s)
2024-07-10T17:47:02.255Z  INFO 1698262 --- [           main] o.f.c.i.s.JdbcTableSchemaHistory         : Creating Schema History table "public"."flyway_schema_history" ...
2024-07-10T17:47:02.289Z  INFO 1698262 --- [           main] o.f.core.internal.command.DbMigrate      : Current version of schema "public": << Empty Schema >>
2024-07-10T17:47:02.296Z  INFO 1698262 --- [           main] o.f.core.internal.command.DbMigrate      : Migrating schema "public" to version "1 - create quotes table"
2024-07-10T17:47:02.330Z  INFO 1698262 --- [           main] o.f.core.internal.command.DbMigrate      : Migrating schema "public" to version "2 - SampleData"
2024-07-10T17:47:02.346Z  INFO 1698262 --- [           main] o.f.core.internal.command.DbMigrate      : Successfully applied 2 migrations to schema "public", now at version v2 (execution time 00:00.029s)
2024-07-10T17:47:02.368Z  INFO 1698262 --- [           main] com.zaxxer.hikari.HikariDataSource       : HikariPool-2 - Starting...
2024-07-10T17:47:02.384Z  INFO 1698262 --- [           main] com.zaxxer.hikari.pool.HikariPool        : HikariPool-2 - Added connection org.postgresql.jdbc.PgConnection@51406cdd
2024-07-10T17:47:02.385Z  INFO 1698262 --- [           main] com.zaxxer.hikari.HikariDataSource       : HikariPool-2 - Start completed.
2024-07-10T17:47:02.386Z  INFO 1698262 --- [           main] o.hibernate.jpa.internal.util.LogHelper  : HHH000204: Processing PersistenceUnitInfo [name: default]
2024-07-10T17:47:02.389Z  INFO 1698262 --- [           main] o.h.c.internal.RegionFactoryInitiator    : HHH000026: Second-level cache disabled
2024-07-10T17:47:02.393Z  INFO 1698262 --- [           main] o.s.o.j.p.SpringPersistenceUnitInfo      : No LoadTimeWeaver setup: ignoring JPA class transformer
2024-07-10T17:47:02.441Z  INFO 1698262 --- [           main] o.h.e.t.j.p.i.JtaPlatformInitiator       : HHH000489: No JTA platform available (set 'hibernate.transaction.jta.platform' to enable JTA platform integration)
2024-07-10T17:47:02.441Z  INFO 1698262 --- [           main] j.LocalContainerEntityManagerFactoryBean : Initialized JPA EntityManagerFactory for persistence unit 'default'
2024-07-10T17:47:02.485Z  INFO 1698262 --- [           main] .q.QuotesApplicationNetworkFailuresTests : Started QuotesApplicationNetworkFailuresTests in 0.556 seconds (process running for 27.002)
First request fails with timeout
Hibernate: SELECT id,quote,author,book FROM quotes ORDER BY RANDOM() LIMIT 1
Remove latency, second request should succeed
Hibernate: SELECT id,quote,author,book FROM quotes ORDER BY RANDOM() LIMIT 1
]]></system-out>
  </testcase>
  <testcase name="withLatencyandTimeout" classname="com.example.quotes.QuotesApplicationNetworkFailuresTests" time="0.012">
    <system-out><![CDATA[Hibernate: SELECT id,quote,author,book FROM quotes ORDER BY RANDOM() LIMIT 1
]]></system-out>
  </testcase>
  <testcase name="testRandomQuotes" classname="com.example.quotes.QuotesApplicationNetworkFailuresTests" time="0.012">
    <system-out><![CDATA[Hibernate: SELECT id,quote,author,book FROM quotes ORDER BY RANDOM() LIMIT 1
]]></system-out>
  </testcase>
  <testcase name="withLatency" classname="com.example.quotes.QuotesApplicationNetworkFailuresTests" time="0.014">
    <system-out><![CDATA[Hibernate: SELECT id,quote,author,book FROM quotes ORDER BY RANDOM() LIMIT 1
]]></system-out>
  </testcase>
  <testcase name="withToxiProxyConnectionDown" classname="com.example.quotes.QuotesApplicationNetworkFailuresTests" time="0.045">
    <system-out><![CDATA[Hibernate: select q1_0.id,q1_0.author,q1_0.book,q1_0.quote from quotes q1_0
Hibernate: SELECT id,quote,author,book FROM quotes ORDER BY RANDOM() LIMIT 1
]]></system-out>
  </testcase>
</testsuite>